SF:D:\Projetos Pessoais\grasp_ils_vnd_pr\rust\src\bin\givp.rs
FN:263,_RNvNtCsh7Z5OsR1Cxj_4givp5testss_20test_run_cli_success
FN:301,_RNvNtCsh7Z5OsR1Cxj_4givp5testss_22test_main_test_variant
FN:172,_RNvNtCsh7Z5OsR1Cxj_4givp5testss_24test_parse_args_defaults
FN:246,_RNvNtCsh7Z5OsR1Cxj_4givp5testss_27test_to_json_escapes_quotes
FN:239,_RNvNtCsh7Z5OsR1Cxj_4givp5testss_28test_parse_args_dims_min_one
FN:183,_RNvNtCsh7Z5OsR1Cxj_4givp5testss_29test_parse_args_custom_values
FN:289,_RNvNtCsh7Z5OsR1Cxj_4givp5testss_34test_run_cli_invalid_workers_error
FN:277,_RNvNtCsh7Z5OsR1Cxj_4givp5testss_35test_run_cli_unknown_function_error
FN:226,_RNvNtCsh7Z5OsR1Cxj_4givp5testss_38test_parse_args_ignores_unknown_tokens
FN:206,_RNvNtCsh7Z5OsR1Cxj_4givp5testss_39test_parse_args_invalid_values_fallback
FN:94,_RINvCsh7Z5OsR1Cxj_4givp12run_cli_withINtNtCs1f2BdUxKfgg_5alloc3vec3VecNtNtBE_6string6StringEEB2_
FN:94,_RINvCsh7Z5OsR1Cxj_4givp12run_cli_withNtNtCs1aoCESei0z2_3std3env4ArgsEB2_
FN:18,_RINvCsh7Z5OsR1Cxj_4givp15parse_args_fromINtNtCs1f2BdUxKfgg_5alloc3vec3VecNtNtBH_6string6StringEEB2_
FN:18,_RINvCsh7Z5OsR1Cxj_4givp15parse_args_fromNtNtCs1aoCESei0z2_3std3env4ArgsEB2_
FN:14,_RNCNvCsh7Z5OsR1Cxj_4givp10rosenbrock0B3_
FN:9,_RNCNvCsh7Z5OsR1Cxj_4givp6sphere0B3_
FN:12,_RNvCsh7Z5OsR1Cxj_4givp10rosenbrock
FN:156,_RNvCsh7Z5OsR1Cxj_4givp4main
FN:8,_RNvCsh7Z5OsR1Cxj_4givp6sphere
FN:80,_RNvCsh7Z5OsR1Cxj_4givp7to_json
FN:12,_RNvCscWfKaIeQ5sk_4givp10rosenbrock
FN:156,_RNvCscWfKaIeQ5sk_4givp4main
FN:8,_RNvCscWfKaIeQ5sk_4givp6sphere
FN:80,_RNvCscWfKaIeQ5sk_4givp7to_json
FN:94,_RINvCscWfKaIeQ5sk_4givp12run_cli_withNtNtCs1aoCESei0z2_3std3env4ArgsEB2_
FN:18,_RINvCscWfKaIeQ5sk_4givp15parse_args_fromNtNtCs1aoCESei0z2_3std3env4ArgsEB2_
FN:14,_RNCNvCscWfKaIeQ5sk_4givp10rosenbrock0B3_
FN:9,_RNCNvCscWfKaIeQ5sk_4givp6sphere0B3_
FNDA:1,_RNvNtCsh7Z5OsR1Cxj_4givp5testss_20test_run_cli_success
FNDA:1,_RNvNtCsh7Z5OsR1Cxj_4givp5testss_22test_main_test_variant
FNDA:1,_RNvNtCsh7Z5OsR1Cxj_4givp5testss_24test_parse_args_defaults
FNDA:1,_RNvNtCsh7Z5OsR1Cxj_4givp5testss_27test_to_json_escapes_quotes
FNDA:1,_RNvNtCsh7Z5OsR1Cxj_4givp5testss_28test_parse_args_dims_min_one
FNDA:1,_RNvNtCsh7Z5OsR1Cxj_4givp5testss_29test_parse_args_custom_values
FNDA:1,_RNvNtCsh7Z5OsR1Cxj_4givp5testss_34test_run_cli_invalid_workers_error
FNDA:1,_RNvNtCsh7Z5OsR1Cxj_4givp5testss_35test_run_cli_unknown_function_error
FNDA:1,_RNvNtCsh7Z5OsR1Cxj_4givp5testss_38test_parse_args_ignores_unknown_tokens
FNDA:1,_RNvNtCsh7Z5OsR1Cxj_4givp5testss_39test_parse_args_invalid_values_fallback
FNDA:3,_RINvCsh7Z5OsR1Cxj_4givp12run_cli_withINtNtCs1f2BdUxKfgg_5alloc3vec3VecNtNtBE_6string6StringEEB2_
FNDA:1,_RINvCsh7Z5OsR1Cxj_4givp12run_cli_withNtNtCs1aoCESei0z2_3std3env4ArgsEB2_
FNDA:8,_RINvCsh7Z5OsR1Cxj_4givp15parse_args_fromINtNtCs1f2BdUxKfgg_5alloc3vec3VecNtNtBH_6string6StringEEB2_
FNDA:1,_RINvCsh7Z5OsR1Cxj_4givp15parse_args_fromNtNtCs1aoCESei0z2_3std3env4ArgsEB2_
FNDA:0,_RNCNvCsh7Z5OsR1Cxj_4givp10rosenbrock0B3_
FNDA:4472461,_RNCNvCsh7Z5OsR1Cxj_4givp6sphere0B3_
FNDA:0,_RNvCsh7Z5OsR1Cxj_4givp10rosenbrock
FNDA:1,_RNvCsh7Z5OsR1Cxj_4givp4main
FNDA:492954,_RNvCsh7Z5OsR1Cxj_4givp6sphere
FNDA:5,_RNvCsh7Z5OsR1Cxj_4givp7to_json
FNDA:39343,_RNvCscWfKaIeQ5sk_4givp10rosenbrock
FNDA:4,_RNvCscWfKaIeQ5sk_4givp4main
FNDA:427657,_RNvCscWfKaIeQ5sk_4givp6sphere
FNDA:4,_RNvCscWfKaIeQ5sk_4givp7to_json
FNDA:4,_RINvCscWfKaIeQ5sk_4givp12run_cli_withNtNtCs1aoCESei0z2_3std3env4ArgsEB2_
FNDA:4,_RINvCscWfKaIeQ5sk_4givp15parse_args_fromNtNtCs1aoCESei0z2_3std3env4ArgsEB2_
FNDA:78686,_RNCNvCscWfKaIeQ5sk_4givp10rosenbrock0B3_
FNDA:4276570,_RNCNvCscWfKaIeQ5sk_4givp6sphere0B3_
FNF:18
FNH:18
DA:8,920611
DA:9,8749031
DA:10,920611
DA:12,39343
DA:13,39343
DA:14,78686
DA:15,39343
DA:16,39343
DA:18,13
DA:19,13
DA:20,13
DA:22,13
DA:23,13
DA:24,13
DA:25,13
DA:26,13
DA:27,13
DA:29,13
DA:30,37
DA:31,24
DA:32,24
DA:33,5
DA:34,5
DA:35,5
DA:36,19
DA:37,6
DA:38,6
DA:39,6
DA:40,13
DA:41,3
DA:42,3
DA:43,3
DA:44,10
DA:45,3
DA:46,2
DA:48,1
DA:50,3
DA:52,7
DA:53,5
DA:54,5
DA:55,5
DA:56,2
DA:57,2
DA:58,2
DA:62,13
DA:63,13
DA:80,9
DA:81,9
DA:90,9
DA:92,9
DA:94,8
DA:95,8
DA:96,8
DA:98,8
DA:99,8
DA:100,8
DA:101,3
DA:103,2
DA:104,2
DA:105,2
DA:106,2
DA:107,2
DA:108,2
DA:109,2
DA:110,2
DA:111,2
DA:112,2
DA:113,2
DA:117,6
DA:118,6
DA:119,6
DA:120,6
DA:121,6
DA:122,6
DA:123,6
DA:124,6
DA:126,6
DA:127,4
DA:128,4
DA:129,4
DA:130,4
DA:131,4
DA:132,4
DA:133,4
DA:134,4
DA:135,4
DA:136,4
DA:137,4
DA:138,4
DA:140,2
DA:141,2
DA:142,2
DA:143,2
DA:144,2
DA:145,2
DA:146,2
DA:147,2
DA:148,2
DA:149,2
DA:150,2
DA:151,2
DA:154,8
DA:156,5
DA:157,5
DA:158,5
DA:159,3
DA:160,3
DA:162,2
DA:163,2
DA:165,5
DA:172,1
DA:173,1
DA:174,1
DA:175,1
DA:176,1
DA:177,1
DA:178,1
DA:179,1
DA:180,1
DA:183,1
DA:184,1
DA:185,1
DA:186,1
DA:187,1
DA:188,1
DA:189,1
DA:190,1
DA:191,1
DA:192,1
DA:193,1
DA:194,1
DA:195,1
DA:197,1
DA:198,1
DA:199,1
DA:200,1
DA:201,1
DA:202,1
DA:203,1
DA:206,1
DA:207,1
DA:208,1
DA:209,1
DA:210,1
DA:211,1
DA:212,1
DA:213,1
DA:214,1
DA:215,1
DA:216,1
DA:218,1
DA:219,1
DA:220,1
DA:221,1
DA:222,1
DA:223,1
DA:226,1
DA:227,1
DA:228,1
DA:229,1
DA:230,1
DA:231,1
DA:232,1
DA:234,1
DA:235,1
DA:236,1
DA:239,1
DA:240,1
DA:241,1
DA:242,1
DA:243,1
DA:246,1
DA:247,1
DA:248,1
DA:249,1
DA:250,1
DA:251,1
DA:252,1
DA:253,1
DA:254,1
DA:255,1
DA:256,1
DA:257,1
DA:258,1
DA:259,1
DA:260,1
DA:263,1
DA:264,1
DA:265,1
DA:266,1
DA:267,1
DA:268,1
DA:269,1
DA:270,1
DA:271,1
DA:272,1
DA:273,1
DA:274,1
DA:277,1
DA:278,1
DA:279,1
DA:280,1
DA:281,1
DA:282,1
DA:283,1
DA:284,1
DA:285,1
DA:286,1
DA:289,1
DA:290,1
DA:291,1
DA:292,1
DA:293,1
DA:294,1
DA:295,1
DA:296,1
DA:297,1
DA:298,1
DA:301,1
DA:302,1
DA:303,1
BRF:0
BRH:0
LF:223
LH:223
end_of_record
SF:D:\Projetos Pessoais\grasp_ils_vnd_pr\rust\src\cache.rs
FN:26,_RNvMNtCsccrOw7hymcd_4givp5cacheNtB2_15EvaluationCache13hash_solution
FN:40,_RNvMNtCsccrOw7hymcd_4givp5cacheNtB2_15EvaluationCache3get
FN:16,_RNvMNtCsccrOw7hymcd_4givp5cacheNtB2_15EvaluationCache3new
FN:54,_RNvMNtCsccrOw7hymcd_4givp5cacheNtB2_15EvaluationCache3put
FN:69,_RNvMNtCsccrOw7hymcd_4givp5cacheNtB2_15EvaluationCache5clear
FN:91,_RNvNtNtCs4amdhsVFeSZ_4givp5cache5testss_22test_cache_stats_empty
FN:124,_RNvNtNtCs4amdhsVFeSZ_4givp5cache5testss_23test_cache_lru_eviction
FN:101,_RNvNtNtCs4amdhsVFeSZ_4givp5cache5testss_26test_cache_stats_after_use
FN:114,_RNvNtNtCs4amdhsVFeSZ_4givp5cache5testss_28test_cache_put_duplicate_key
FN:135,_RNvNtNtCs4amdhsVFeSZ_4givp5cache5testss_32test_cache_clear_removes_entries
FN:26,_RNvMNtCs4amdhsVFeSZ_4givp5cacheNtB2_15EvaluationCache13hash_solution
FN:40,_RNvMNtCs4amdhsVFeSZ_4givp5cacheNtB2_15EvaluationCache3get
FN:16,_RNvMNtCs4amdhsVFeSZ_4givp5cacheNtB2_15EvaluationCache3new
FN:54,_RNvMNtCs4amdhsVFeSZ_4givp5cacheNtB2_15EvaluationCache3put
FN:69,_RNvMNtCs4amdhsVFeSZ_4givp5cacheNtB2_15EvaluationCache5clear
FN:75,_RNvMNtCs4amdhsVFeSZ_4givp5cacheNtB2_15EvaluationCache5stats
FNDA:8043174,_RNvMNtCsccrOw7hymcd_4givp5cacheNtB2_15EvaluationCache13hash_solution
FNDA:4138034,_RNvMNtCsccrOw7hymcd_4givp5cacheNtB2_15EvaluationCache3get
FNDA:361,_RNvMNtCsccrOw7hymcd_4givp5cacheNtB2_15EvaluationCache3new
FNDA:3905140,_RNvMNtCsccrOw7hymcd_4givp5cacheNtB2_15EvaluationCache3put
FNDA:0,_RNvMNtCsccrOw7hymcd_4givp5cacheNtB2_15EvaluationCache5clear
FNDA:1,_RNvNtNtCs4amdhsVFeSZ_4givp5cache5testss_22test_cache_stats_empty
FNDA:1,_RNvNtNtCs4amdhsVFeSZ_4givp5cache5testss_23test_cache_lru_eviction
FNDA:1,_RNvNtNtCs4amdhsVFeSZ_4givp5cache5testss_26test_cache_stats_after_use
FNDA:1,_RNvNtNtCs4amdhsVFeSZ_4givp5cache5testss_28test_cache_put_duplicate_key
FNDA:1,_RNvNtNtCs4amdhsVFeSZ_4givp5cache5testss_32test_cache_clear_removes_entries
FNDA:223917,_RNvMNtCs4amdhsVFeSZ_4givp5cacheNtB2_15EvaluationCache13hash_solution
FNDA:112133,_RNvMNtCs4amdhsVFeSZ_4givp5cacheNtB2_15EvaluationCache3get
FNDA:17,_RNvMNtCs4amdhsVFeSZ_4givp5cacheNtB2_15EvaluationCache3new
FNDA:111784,_RNvMNtCs4amdhsVFeSZ_4givp5cacheNtB2_15EvaluationCache3put
FNDA:2,_RNvMNtCs4amdhsVFeSZ_4givp5cacheNtB2_15EvaluationCache5clear
FNDA:7,_RNvMNtCs4amdhsVFeSZ_4givp5cacheNtB2_15EvaluationCache5stats
FNF:11
FNH:11
DA:16,378
DA:17,378
DA:18,378
DA:19,378
DA:20,378
DA:21,378
DA:22,378
DA:23,378
DA:24,378
DA:26,8267091
DA:28,8267091
DA:29,66018355
DA:30,66018355
DA:31,65733157
DA:33,285198
DA:35,66018355
DA:37,8267091
DA:38,8267091
DA:40,4250167
DA:41,4250167
DA:42,4250167
DA:43,233248
DA:44,233248
DA:45,233248
DA:48,4016919
DA:49,4016919
DA:52,4250167
DA:54,4016924
DA:55,4016924
DA:56,4016924
DA:57,1
DA:58,4016923
DA:59,4016923
DA:60,1832595
DA:61,1832595
DA:62,1832595
DA:63,1832595
DA:64,2184328
DA:65,4016923
DA:66,4016923
DA:67,4016924
DA:69,2
DA:70,2
DA:71,2
DA:72,2
DA:75,7
DA:76,7
DA:77,7
DA:78,3
DA:80,4
DA:82,7
DA:83,7
DA:91,1
DA:92,1
DA:93,1
DA:94,1
DA:95,1
DA:96,1
DA:97,1
DA:98,1
DA:101,1
DA:102,1
DA:103,1
DA:104,1
DA:105,1
DA:106,1
DA:107,1
DA:108,1
DA:109,1
DA:110,1
DA:111,1
DA:114,1
DA:115,1
DA:116,1
DA:117,1
DA:119,1
DA:120,1
DA:121,1
DA:124,1
DA:125,1
DA:126,1
DA:127,1
DA:128,1
DA:129,1
DA:130,1
DA:131,1
DA:132,1
DA:135,1
DA:136,1
DA:137,1
DA:138,1
DA:139,1
DA:141,1
DA:143,1
DA:144,1
DA:145,1
DA:146,1
BRF:0
BRH:0
LF:97
LH:97
end_of_record
SF:D:\Projetos Pessoais\grasp_ils_vnd_pr\rust\src\config.rs
FN:77,_RNvMs_NtCsccrOw7hymcd_4givp6configNtB4_10GivpConfig17validate_positive
FN:84,_RNvMs_NtCsccrOw7hymcd_4givp6configNtB4_10GivpConfig22validate_unit_interval
FN:94,_RNvMs_NtCsccrOw7hymcd_4givp6configNtB4_10GivpConfig8validate
FN:46,_RNvXNtCsccrOw7hymcd_4givp6configNtB2_10GivpConfigNtNtCs8icZUrvfcq9_4core7default7Default7default
FN:77,_RNvMs_NtCs4amdhsVFeSZ_4givp6configNtB4_10GivpConfig17validate_positive
FN:84,_RNvMs_NtCs4amdhsVFeSZ_4givp6configNtB4_10GivpConfig22validate_unit_interval
FN:94,_RNvMs_NtCs4amdhsVFeSZ_4givp6configNtB4_10GivpConfig8validate
FN:46,_RNvXNtCs4amdhsVFeSZ_4givp6configNtB2_10GivpConfigNtNtCs8icZUrvfcq9_4core7default7Default7default
FNDA:3422,_RNvMs_NtCsccrOw7hymcd_4givp6configNtB4_10GivpConfig17validate_positive
FNDA:1140,_RNvMs_NtCsccrOw7hymcd_4givp6configNtB4_10GivpConfig22validate_unit_interval
FNDA:386,_RNvMs_NtCsccrOw7hymcd_4givp6configNtB4_10GivpConfig8validate
FNDA:374,_RNvXNtCsccrOw7hymcd_4givp6configNtB2_10GivpConfigNtNtCs8icZUrvfcq9_4core7default7Default7default
FNDA:100,_RNvMs_NtCs4amdhsVFeSZ_4givp6configNtB4_10GivpConfig17validate_positive
FNDA:33,_RNvMs_NtCs4amdhsVFeSZ_4givp6configNtB4_10GivpConfig22validate_unit_interval
FNDA:12,_RNvMs_NtCs4amdhsVFeSZ_4givp6configNtB4_10GivpConfig8validate
FNDA:3,_RNvXNtCs4amdhsVFeSZ_4givp6configNtB2_10GivpConfigNtNtCs8icZUrvfcq9_4core7default7Default7default
FNF:4
FNH:4
DA:46,377
DA:47,377
DA:48,377
DA:49,377
DA:50,377
DA:51,377
DA:52,377
DA:53,377
DA:54,377
DA:55,377
DA:56,377
DA:57,377
DA:58,377
DA:59,377
DA:60,377
DA:61,377
DA:62,377
DA:63,377
DA:64,377
DA:65,377
DA:66,377
DA:67,377
DA:68,377
DA:69,377
DA:70,377
DA:71,377
DA:72,377
DA:73,377
DA:77,3522
DA:78,3522
DA:79,10
DA:80,3512
DA:81,3512
DA:82,3522
DA:84,1173
DA:85,1173
DA:86,3
DA:87,3
DA:88,3
DA:89,1170
DA:90,1170
DA:91,1173
DA:94,398
DA:95,398
DA:96,396
DA:97,395
DA:98,394
DA:99,393
DA:100,392
DA:101,391
DA:102,390
DA:103,389
DA:104,1
DA:105,1
DA:106,1
DA:107,388
DA:108,388
DA:109,387
DA:110,386
DA:111,385
DA:112,384
DA:113,3
DA:114,381
DA:115,381
DA:116,398
BRF:0
BRH:0
LF:65
LH:65
end_of_record
SF:D:\Projetos Pessoais\grasp_ils_vnd_pr\rust\src\convergence.rs
FN:96,_RNvMNtCsccrOw7hymcd_4givp11convergenceNtB2_18ConvergenceMonitor16reset_no_improve
FN:73,_RNvMNtCsccrOw7hymcd_4givp11convergenceNtB2_18ConvergenceMonitor17compute_diversity
FN:25,_RNvMNtCsccrOw7hymcd_4givp11convergenceNtB2_18ConvergenceMonitor3new
FN:36,_RNvMNtCsccrOw7hymcd_4givp11convergenceNtB2_18ConvergenceMonitor6update
FN:86,_RNCNvMNtCsccrOw7hymcd_4givp11convergenceNtB4_18ConvergenceMonitor17compute_diversity0B6_
FN:86,_RNCNvMNtCs4amdhsVFeSZ_4givp11convergenceNtB4_18ConvergenceMonitor17compute_diversity0B6_
FN:107,_RNvNtNtCs4amdhsVFeSZ_4givp11convergence5testss_30test_update_with_no_elite_pool
FN:130,_RNvNtNtCs4amdhsVFeSZ_4givp11convergence5testss_36test_reset_no_improve_resets_counter
FN:120,_RNvNtNtCs4amdhsVFeSZ_4givp11convergence5testss_38test_compute_diversity_single_solution
FN:96,_RNvMNtCs4amdhsVFeSZ_4givp11convergenceNtB2_18ConvergenceMonitor16reset_no_improve
FN:73,_RNvMNtCs4amdhsVFeSZ_4givp11convergenceNtB2_18ConvergenceMonitor17compute_diversity
FN:25,_RNvMNtCs4amdhsVFeSZ_4givp11convergenceNtB2_18ConvergenceMonitor3new
FN:36,_RNvMNtCs4amdhsVFeSZ_4givp11convergenceNtB2_18ConvergenceMonitor6update
FNDA:0,_RNvMNtCsccrOw7hymcd_4givp11convergenceNtB2_18ConvergenceMonitor16reset_no_improve
FNDA:2319,_RNvMNtCsccrOw7hymcd_4givp11convergenceNtB2_18ConvergenceMonitor17compute_diversity
FNDA:363,_RNvMNtCsccrOw7hymcd_4givp11convergenceNtB2_18ConvergenceMonitor3new
FNDA:2319,_RNvMNtCsccrOw7hymcd_4givp11convergenceNtB2_18ConvergenceMonitor6update
FNDA:10026,_RNCNvMNtCsccrOw7hymcd_4givp11convergenceNtB4_18ConvergenceMonitor17compute_diversity0B6_
FNDA:146,_RNCNvMNtCs4amdhsVFeSZ_4givp11convergenceNtB4_18ConvergenceMonitor17compute_diversity0B6_
FNDA:1,_RNvNtNtCs4amdhsVFeSZ_4givp11convergence5testss_30test_update_with_no_elite_pool
FNDA:1,_RNvNtNtCs4amdhsVFeSZ_4givp11convergence5testss_36test_reset_no_improve_resets_counter
FNDA:1,_RNvNtNtCs4amdhsVFeSZ_4givp11convergence5testss_38test_compute_diversity_single_solution
FNDA:2,_RNvMNtCs4amdhsVFeSZ_4givp11convergenceNtB2_18ConvergenceMonitor16reset_no_improve
FNDA:86,_RNvMNtCs4amdhsVFeSZ_4givp11convergenceNtB2_18ConvergenceMonitor17compute_diversity
FNDA:15,_RNvMNtCs4amdhsVFeSZ_4givp11convergenceNtB2_18ConvergenceMonitor3new
FNDA:88,_RNvMNtCs4amdhsVFeSZ_4givp11convergenceNtB2_18ConvergenceMonitor6update
FNF:8
FNH:8
DA:25,378
DA:26,378
DA:27,378
DA:28,378
DA:29,378
DA:30,378
DA:31,378
DA:32,378
DA:33,378
DA:34,378
DA:36,2407
DA:37,2407
DA:38,2407
DA:39,2407
DA:40,2407
DA:41,2407
DA:42,847
DA:43,847
DA:44,1560
DA:45,1560
DA:46,1560
DA:48,2407
DA:49,2407
DA:50,165
DA:51,2242
DA:53,2407
DA:54,2405
DA:56,2
DA:59,2407
DA:61,2407
DA:62,2407
DA:63,2407
DA:65,2407
DA:66,2407
DA:67,2407
DA:68,2407
DA:69,2407
DA:70,2407
DA:71,2407
DA:73,2405
DA:74,2405
DA:75,2405
DA:76,311
DA:77,2094
DA:78,2094
DA:79,2094
DA:80,4571
DA:81,4571
DA:82,3359
DA:83,3359
DA:84,3359
DA:85,3359
DA:86,10172
DA:87,3359
DA:88,3359
DA:89,3359
DA:90,3359
DA:93,2094
DA:94,2405
DA:96,2
DA:97,2
DA:98,2
DA:107,1
DA:108,1
DA:110,1
DA:111,1
DA:112,1
DA:114,1
DA:115,1
DA:116,1
DA:117,1
DA:120,1
DA:121,1
DA:122,1
DA:123,1
DA:125,1
DA:126,1
DA:127,1
DA:130,1
DA:131,1
DA:132,1
DA:133,1
DA:135,1
DA:136,1
DA:137,1
DA:139,1
DA:141,1
DA:142,1
DA:143,1
BRF:0
BRH:0
LF:90
LH:89
end_of_record
SF:D:\Projetos Pessoais\grasp_ils_vnd_pr\rust\src\elite.rs
FN:29,_RNvMNtCsccrOw7hymcd_4givp5eliteNtB2_9ElitePool17relative_distance
FN:40,_RNvMNtCsccrOw7hymcd_4givp5eliteNtB2_9ElitePool3add
FN:77,_RNvMNtCsccrOw7hymcd_4givp5eliteNtB2_9ElitePool3len
FN:15,_RNvMNtCsccrOw7hymcd_4givp5eliteNtB2_9ElitePool3new
FN:73,_RNvMNtCsccrOw7hymcd_4givp5eliteNtB2_9ElitePool7get_all
FN:87,_RNvMNtCsccrOw7hymcd_4givp5eliteNtB2_9ElitePool8keep_top
FN:35,_RNCNvMNtCsccrOw7hymcd_4givp5eliteNtB4_9ElitePool17relative_distance0B6_
FN:50,_RNCNvMNtCsccrOw7hymcd_4givp5eliteNtB4_9ElitePool3add0B6_
FN:59,_RNCNvMNtCsccrOw7hymcd_4givp5eliteNtB4_9ElitePool3adds_0B6_
FN:19,_RNCNvMNtCsccrOw7hymcd_4givp5eliteNtB4_9ElitePool3new0B6_
FN:96,_RNvNtNtCs4amdhsVFeSZ_4givp5elite5tests9make_pool
FN:116,_RNvNtNtCs4amdhsVFeSZ_4givp5elite5testss_23test_clear_empties_pool
FN:101,_RNvNtNtCs4amdhsVFeSZ_4givp5elite5testss_33test_get_best_empty_returns_error
FN:107,_RNvNtNtCs4amdhsVFeSZ_4givp5elite5testss_33test_get_best_returns_lowest_cost
FN:136,_RNvNtNtCs4amdhsVFeSZ_4givp5elite5testss_35test_add_replaces_worst_when_better
FN:125,_RNvNtNtCs4amdhsVFeSZ_4givp5elite5testss_41test_add_rejects_when_full_and_not_better
FN:35,_RNCNvMNtCs4amdhsVFeSZ_4givp5eliteNtB4_9ElitePool17relative_distance0B6_
FN:50,_RNCNvMNtCs4amdhsVFeSZ_4givp5eliteNtB4_9ElitePool3add0B6_
FN:59,_RNCNvMNtCs4amdhsVFeSZ_4givp5eliteNtB4_9ElitePool3adds_0B6_
FN:19,_RNCNvMNtCs4amdhsVFeSZ_4givp5eliteNtB4_9ElitePool3new0B6_
FN:69,_RNCNvMNtCs4amdhsVFeSZ_4givp5eliteNtB4_9ElitePool8get_best0B6_
FN:70,_RNCNvMNtCs4amdhsVFeSZ_4givp5eliteNtB4_9ElitePool8get_bests_0B6_
FN:29,_RNvMNtCs4amdhsVFeSZ_4givp5eliteNtB2_9ElitePool17relative_distance
FN:40,_RNvMNtCs4amdhsVFeSZ_4givp5eliteNtB2_9ElitePool3add
FN:77,_RNvMNtCs4amdhsVFeSZ_4givp5eliteNtB2_9ElitePool3len
FN:15,_RNvMNtCs4amdhsVFeSZ_4givp5eliteNtB2_9ElitePool3new
FN:82,_RNvMNtCs4amdhsVFeSZ_4givp5eliteNtB2_9ElitePool5clear
FN:73,_RNvMNtCs4amdhsVFeSZ_4givp5eliteNtB2_9ElitePool7get_all
FN:66,_RNvMNtCs4amdhsVFeSZ_4givp5eliteNtB2_9ElitePool8get_best
FN:87,_RNvMNtCs4amdhsVFeSZ_4givp5eliteNtB2_9ElitePool8keep_top
FNDA:2448,_RNvMNtCsccrOw7hymcd_4givp5eliteNtB2_9ElitePool17relative_distance
FNDA:2682,_RNvMNtCsccrOw7hymcd_4givp5eliteNtB2_9ElitePool3add
FNDA:103,_RNvMNtCsccrOw7hymcd_4givp5eliteNtB2_9ElitePool3len
FNDA:364,_RNvMNtCsccrOw7hymcd_4givp5eliteNtB2_9ElitePool3new
FNDA:2414,_RNvMNtCsccrOw7hymcd_4givp5eliteNtB2_9ElitePool7get_all
FNDA:0,_RNvMNtCsccrOw7hymcd_4givp5eliteNtB2_9ElitePool8keep_top
FNDA:7240,_RNCNvMNtCsccrOw7hymcd_4givp5eliteNtB4_9ElitePool17relative_distance0B6_
FNDA:373,_RNCNvMNtCsccrOw7hymcd_4givp5eliteNtB4_9ElitePool3add0B6_
FNDA:14,_RNCNvMNtCsccrOw7hymcd_4givp5eliteNtB4_9ElitePool3adds_0B6_
FNDA:875,_RNCNvMNtCsccrOw7hymcd_4givp5eliteNtB4_9ElitePool3new0B6_
FNDA:5,_RNvNtNtCs4amdhsVFeSZ_4givp5elite5tests9make_pool
FNDA:1,_RNvNtNtCs4amdhsVFeSZ_4givp5elite5testss_23test_clear_empties_pool
FNDA:1,_RNvNtNtCs4amdhsVFeSZ_4givp5elite5testss_33test_get_best_empty_returns_error
FNDA:1,_RNvNtNtCs4amdhsVFeSZ_4givp5elite5testss_33test_get_best_returns_lowest_cost
FNDA:1,_RNvNtNtCs4amdhsVFeSZ_4givp5elite5testss_35test_add_replaces_worst_when_better
FNDA:1,_RNvNtNtCs4amdhsVFeSZ_4givp5elite5testss_41test_add_rejects_when_full_and_not_better
FNDA:229,_RNCNvMNtCs4amdhsVFeSZ_4givp5eliteNtB4_9ElitePool17relative_distance0B6_
FNDA:13,_RNCNvMNtCs4amdhsVFeSZ_4givp5eliteNtB4_9ElitePool3add0B6_
FNDA:1,_RNCNvMNtCs4amdhsVFeSZ_4givp5eliteNtB4_9ElitePool3adds_0B6_
FNDA:42,_RNCNvMNtCs4amdhsVFeSZ_4givp5eliteNtB4_9ElitePool3new0B6_
FNDA:2,_RNCNvMNtCs4amdhsVFeSZ_4givp5eliteNtB4_9ElitePool8get_best0B6_
FNDA:1,_RNCNvMNtCs4amdhsVFeSZ_4givp5eliteNtB4_9ElitePool8get_bests_0B6_
FNDA:91,_RNvMNtCs4amdhsVFeSZ_4givp5eliteNtB2_9ElitePool17relative_distance
FNDA:107,_RNvMNtCs4amdhsVFeSZ_4givp5eliteNtB2_9ElitePool3add
FNDA:9,_RNvMNtCs4amdhsVFeSZ_4givp5eliteNtB2_9ElitePool3len
FNDA:20,_RNvMNtCs4amdhsVFeSZ_4givp5eliteNtB2_9ElitePool3new
FNDA:1,_RNvMNtCs4amdhsVFeSZ_4givp5eliteNtB2_9ElitePool5clear
FNDA:91,_RNvMNtCs4amdhsVFeSZ_4givp5eliteNtB2_9ElitePool7get_all
FNDA:3,_RNvMNtCs4amdhsVFeSZ_4givp5eliteNtB2_9ElitePool8get_best
FNDA:1,_RNvMNtCs4amdhsVFeSZ_4givp5eliteNtB2_9ElitePool8keep_top
FNF:20
FNH:20
DA:15,384
DA:16,384
DA:17,384
DA:18,384
DA:19,917
DA:20,384
DA:21,384
DA:22,384
DA:23,384
DA:24,384
DA:25,384
DA:26,384
DA:27,384
DA:29,2539
DA:30,2539
DA:31,2539
DA:32,2539
DA:33,2539
DA:34,2539
DA:35,7469
DA:36,2539
DA:37,2539
DA:38,2539
DA:40,2789
DA:42,2789
DA:43,2539
DA:44,2061
DA:45,478
DA:48,728
DA:49,721
DA:50,721
DA:51,721
DA:52,7
DA:55,7
DA:56,7
DA:57,3
DA:58,3
DA:59,15
DA:60,3
DA:61,4
DA:62,4
DA:63,2789
DA:66,3
DA:67,3
DA:68,3
DA:69,3
DA:70,3
DA:71,3
DA:73,2505
DA:74,2505
DA:75,2505
DA:77,112
DA:78,112
DA:79,112
DA:82,1
DA:83,1
DA:84,1
DA:87,1
DA:88,1
DA:89,1
DA:96,5
DA:97,5
DA:98,5
DA:101,1
DA:102,1
DA:103,1
DA:104,1
DA:107,1
DA:108,1
DA:109,1
DA:110,1
DA:111,1
DA:112,1
DA:113,1
DA:116,1
DA:117,1
DA:118,1
DA:119,1
DA:120,1
DA:121,1
DA:122,1
DA:125,1
DA:126,1
DA:127,1
DA:128,1
DA:130,1
DA:131,1
DA:132,1
DA:133,1
DA:136,1
DA:137,1
DA:138,1
DA:139,1
DA:141,1
DA:142,1
DA:143,1
DA:144,1
DA:145,1
BRF:0
BRH:0
LF:104
LH:104
end_of_record
SF:D:\Projetos Pessoais\grasp_ils_vnd_pr\rust\src\experiment.rs
FN:108,_RNCNCNvNtNtCs4amdhsVFeSZ_4givp10experiment5testss_21test_seed_sweep_basic00B9_
FN:127,_RNCNCNvNtNtCs4amdhsVFeSZ_4givp10experiment5testss_29test_seed_sweep_deterministic00B9_
FN:108,_RNCNvNtNtCs4amdhsVFeSZ_4givp10experiment5testss_21test_seed_sweep_basic0B7_
FN:127,_RNCNvNtNtCs4amdhsVFeSZ_4givp10experiment5testss_29test_seed_sweep_deterministic0B7_
FN:58,_RINvNtCs4amdhsVFeSZ_4givp10experiment10seed_sweepNCNvNtB2_5testss_21test_seed_sweep_basic0EB4_
FN:58,_RINvNtCs4amdhsVFeSZ_4givp10experiment10seed_sweepNCNvNtB2_5testss_29test_seed_sweep_deterministic0EB4_
FN:85,_RNCINvNtCs4amdhsVFeSZ_4givp10experiment10seed_sweepNCNvNtB4_5testss_21test_seed_sweep_basic0E0B6_
FN:85,_RNCINvNtCs4amdhsVFeSZ_4givp10experiment10seed_sweepNCNvNtB4_5testss_29test_seed_sweep_deterministic0E0B6_
FN:107,_RNvNtNtCs4amdhsVFeSZ_4givp10experiment5testss_21test_seed_sweep_basic
FN:126,_RNvNtNtCs4amdhsVFeSZ_4givp10experiment5testss_29test_seed_sweep_deterministic
FN:58,_RINvNtCsccrOw7hymcd_4givp10experiment10seed_sweepNCNvNtCs4Xm0UMb7tZ8_9test_givp5testss_21test_seed_sweep_basic0EBR_
FN:58,_RINvNtCsccrOw7hymcd_4givp10experiment10seed_sweepNCNvNtCs4Xm0UMb7tZ8_9test_givp5testss_29test_seed_sweep_deterministic0EBR_
FN:58,_RINvNtCsccrOw7hymcd_4givp10experiment10seed_sweepNCNvNtCs4Xm0UMb7tZ8_9test_givp5testss_31test_seed_sweep_with_rosenbrock0EBR_
FN:85,_RNCINvNtCsccrOw7hymcd_4givp10experiment10seed_sweepNCNvNtCs4Xm0UMb7tZ8_9test_givp5testss_21test_seed_sweep_basic0E0BT_
FN:85,_RNCINvNtCsccrOw7hymcd_4givp10experiment10seed_sweepNCNvNtCs4Xm0UMb7tZ8_9test_givp5testss_29test_seed_sweep_deterministic0E0BT_
FN:85,_RNCINvNtCsccrOw7hymcd_4givp10experiment10seed_sweepNCNvNtCs4Xm0UMb7tZ8_9test_givp5testss_31test_seed_sweep_with_rosenbrock0E0BT_
FNDA:231183,_RNCNCNvNtNtCs4amdhsVFeSZ_4givp10experiment5testss_21test_seed_sweep_basic00B9_
FNDA:69428,_RNCNCNvNtNtCs4amdhsVFeSZ_4givp10experiment5testss_29test_seed_sweep_deterministic00B9_
FNDA:77061,_RNCNvNtNtCs4amdhsVFeSZ_4givp10experiment5testss_21test_seed_sweep_basic0B7_
FNDA:34714,_RNCNvNtNtCs4amdhsVFeSZ_4givp10experiment5testss_29test_seed_sweep_deterministic0B7_
FNDA:1,_RINvNtCs4amdhsVFeSZ_4givp10experiment10seed_sweepNCNvNtB2_5testss_21test_seed_sweep_basic0EB4_
FNDA:2,_RINvNtCs4amdhsVFeSZ_4givp10experiment10seed_sweepNCNvNtB2_5testss_29test_seed_sweep_deterministic0EB4_
FNDA:5,_RNCINvNtCs4amdhsVFeSZ_4givp10experiment10seed_sweepNCNvNtB4_5testss_21test_seed_sweep_basic0E0B6_
FNDA:6,_RNCINvNtCs4amdhsVFeSZ_4givp10experiment10seed_sweepNCNvNtB4_5testss_29test_seed_sweep_deterministic0E0B6_
FNDA:1,_RNvNtNtCs4amdhsVFeSZ_4givp10experiment5testss_21test_seed_sweep_basic
FNDA:1,_RNvNtNtCs4amdhsVFeSZ_4givp10experiment5testss_29test_seed_sweep_deterministic
FNDA:1,_RINvNtCsccrOw7hymcd_4givp10experiment10seed_sweepNCNvNtCs4Xm0UMb7tZ8_9test_givp5testss_21test_seed_sweep_basic0EBR_
FNDA:2,_RINvNtCsccrOw7hymcd_4givp10experiment10seed_sweepNCNvNtCs4Xm0UMb7tZ8_9test_givp5testss_29test_seed_sweep_deterministic0EBR_
FNDA:1,_RINvNtCsccrOw7hymcd_4givp10experiment10seed_sweepNCNvNtCs4Xm0UMb7tZ8_9test_givp5testss_31test_seed_sweep_with_rosenbrock0EBR_
FNDA:5,_RNCINvNtCsccrOw7hymcd_4givp10experiment10seed_sweepNCNvNtCs4Xm0UMb7tZ8_9test_givp5testss_21test_seed_sweep_basic0E0BT_
FNDA:6,_RNCINvNtCsccrOw7hymcd_4givp10experiment10seed_sweepNCNvNtCs4Xm0UMb7tZ8_9test_givp5testss_29test_seed_sweep_deterministic0E0BT_
FNDA:4,_RNCINvNtCsccrOw7hymcd_4givp10experiment10seed_sweepNCNvNtCs4Xm0UMb7tZ8_9test_givp5testss_31test_seed_sweep_with_rosenbrock0E0BT_
FNF:8
FNH:8
DA:58,7
DA:59,7
DA:60,7
DA:61,7
DA:62,7
DA:63,7
DA:64,7
DA:65,7
DA:67,7
DA:68,7
DA:69,7
DA:70,7
DA:72,26
DA:73,26
DA:74,26
DA:76,26
DA:77,26
DA:78,26
DA:79,26
DA:80,26
DA:83,7
DA:84,7
DA:85,26
DA:86,7
DA:87,7
DA:88,7
DA:90,7
DA:91,7
DA:92,7
DA:93,7
DA:94,7
DA:95,7
DA:96,7
DA:97,7
DA:99,7
DA:100,7
DA:107,1
DA:108,231183
DA:109,1
DA:110,1
DA:111,1
DA:112,1
DA:113,1
DA:115,1
DA:117,1
DA:118,1
DA:119,1
DA:120,1
DA:121,1
DA:122,1
DA:123,1
DA:126,1
DA:127,69428
DA:128,1
DA:129,1
DA:130,1
DA:131,1
DA:132,1
DA:134,1
DA:135,1
DA:138,1
DA:139,1
BRF:0
BRH:0
LF:67
LH:67
end_of_record
SF:D:\Projetos Pessoais\grasp_ils_vnd_pr\rust\src\grasp.rs
FN:148,_RINvNtCsccrOw7hymcd_4givp5grasp15construct_graspNCINvNtB4_9impl_core3runFG_RL0_SdEdE0ECsh7Z5OsR1Cxj_4givp
FN:47,_RINvNtCsccrOw7hymcd_4givp5grasp19evaluate_with_cacheNCINvNtB4_9impl_core3runFG_RL0_SdEdE0ECsh7Z5OsR1Cxj_4givp
FN:193,_RNCINvNtCsccrOw7hymcd_4givp5grasp15construct_graspNCINvNtB6_9impl_core3runFG_RL0_SdEdE0E0Csh7Z5OsR1Cxj_4givp
FN:204,_RNCINvNtCsccrOw7hymcd_4givp5grasp15construct_graspNCINvNtB6_9impl_core3runFG_RL0_SdEdE0Es0_0Csh7Z5OsR1Cxj_4givp
FN:199,_RNCINvNtCsccrOw7hymcd_4givp5grasp15construct_graspNCINvNtB6_9impl_core3runFG_RL0_SdEdE0Es_0Csh7Z5OsR1Cxj_4givp
FN:196,_RNCNCINvNtCsccrOw7hymcd_4givp5grasp15construct_graspNCINvNtB8_9impl_core3runFG_RL0_SdEdE0E00Csh7Z5OsR1Cxj_4givp
FN:69,_RNvNtCsccrOw7hymcd_4givp5grasp15select_from_rcl
FN:14,_RNvNtCsccrOw7hymcd_4givp5grasp16build_local_pool
FN:31,_RNvNtCsccrOw7hymcd_4givp5grasp17get_current_alpha
FN:102,_RNvNtCsccrOw7hymcd_4givp5grasp22build_random_candidate
FN:120,_RNvNtCsccrOw7hymcd_4givp5grasp25build_heuristic_candidate
FN:92,_RNvNtCsccrOw7hymcd_4givp5grasp26sample_integer_from_bounds
FN:80,_RNCNvNtCsccrOw7hymcd_4givp5grasp15select_from_rcl0B5_
FN:69,_RNvNtCs4amdhsVFeSZ_4givp5grasp15select_from_rcl
FN:14,_RNvNtCs4amdhsVFeSZ_4givp5grasp16build_local_pool
FN:31,_RNvNtCs4amdhsVFeSZ_4givp5grasp17get_current_alpha
FN:102,_RNvNtCs4amdhsVFeSZ_4givp5grasp22build_random_candidate
FN:120,_RNvNtCs4amdhsVFeSZ_4givp5grasp25build_heuristic_candidate
FN:26,_RNvNtCs4amdhsVFeSZ_4givp5grasp25set_force_pool_build_fail
FN:92,_RNvNtCs4amdhsVFeSZ_4givp5grasp26sample_integer_from_bounds
FN:148,_RINvNtCs4amdhsVFeSZ_4givp5grasp15construct_graspNCINvNtB4_9impl_core3runNCNvNtBP_5testss_35test_run_with_invalid_config_errors0E0EB4_
FN:148,_RINvNtCs4amdhsVFeSZ_4givp5grasp15construct_graspNCINvNtB4_9impl_core3runNCNvNtNtB4_10experiment5testss_21test_seed_sweep_basic0E0EB4_
FN:148,_RINvNtCs4amdhsVFeSZ_4givp5grasp15construct_graspNCINvNtB4_9impl_core3runNCNvNtNtB4_10experiment5testss_29test_seed_sweep_deterministic0E0EB4_
FN:148,_RINvNtCs4amdhsVFeSZ_4givp5grasp15construct_graspNCNvNtB2_5testss_54test_construct_grasp_expired_deadline_breaks_fill_loop0EB4_
FN:148,_RINvNtCs4amdhsVFeSZ_4givp5grasp15construct_graspNCNvNtB2_5testss_60test_construct_grasp_parallel_fallback_when_pool_build_fails0EB4_
FN:47,_RINvNtCs4amdhsVFeSZ_4givp5grasp19evaluate_with_cacheNCINvNtB4_9impl_core3runNCNvNtBT_5testss_35test_run_with_invalid_config_errors0E0EB4_
FN:47,_RINvNtCs4amdhsVFeSZ_4givp5grasp19evaluate_with_cacheNCINvNtB4_9impl_core3runNCNvNtNtB4_10experiment5testss_21test_seed_sweep_basic0E0EB4_
FN:47,_RINvNtCs4amdhsVFeSZ_4givp5grasp19evaluate_with_cacheNCINvNtB4_9impl_core3runNCNvNtNtB4_10experiment5testss_29test_seed_sweep_deterministic0E0EB4_
FN:47,_RINvNtCs4amdhsVFeSZ_4givp5grasp19evaluate_with_cacheNCNvNtB2_5testss_54test_construct_grasp_expired_deadline_breaks_fill_loop0EB4_
FN:47,_RINvNtCs4amdhsVFeSZ_4givp5grasp19evaluate_with_cacheNCNvNtB2_5testss_60test_construct_grasp_parallel_fallback_when_pool_build_fails0EB4_
FN:47,_RINvNtCs4amdhsVFeSZ_4givp5grasp19evaluate_with_cacheNCNvNtNtB4_2pr5testss_23test_backward_path_wins0EB4_
FN:47,_RINvNtCs4amdhsVFeSZ_4givp5grasp19evaluate_with_cacheNCNvNtNtB4_2pr5testss_39test_expired_deadline_breaks_inner_loop0EB4_
FN:47,_RINvNtCs4amdhsVFeSZ_4givp5grasp19evaluate_with_cacheNCNvNtNtB4_2pr5testss_44test_identical_solutions_returns_immediately0EB4_
FN:47,_RINvNtCs4amdhsVFeSZ_4givp5grasp19evaluate_with_cacheNCNvNtNtB4_3vnd5testss_45test_local_search_vnd_expired_deadline_breaks0EB4_
FN:47,_RINvNtCs4amdhsVFeSZ_4givp5grasp19evaluate_with_cacheNCNvNtNtB4_3vnd5testss_46test_neighborhood_flip_expired_deadline_breaks0EB4_
FN:47,_RINvNtCs4amdhsVFeSZ_4givp5grasp19evaluate_with_cacheNCNvNtNtB4_3vnd5testss_46test_neighborhood_swap_expired_deadline_breaks0EB4_
FN:47,_RINvNtCs4amdhsVFeSZ_4givp5grasp19evaluate_with_cacheNCNvNtNtB4_3vnd5testss_51test_neighborhood_multiflip_expired_deadline_breaks0EB4_
FN:47,_RINvNtCs4amdhsVFeSZ_4givp5grasp19evaluate_with_cacheNCNvNtNtB4_9impl_core5testss_47test_do_path_relinking_expired_deadline_returns0EB4_
FN:193,_RNCINvNtCs4amdhsVFeSZ_4givp5grasp15construct_graspNCINvNtB6_9impl_core3runNCNvNtBR_5testss_35test_run_with_invalid_config_errors0E0E0B6_
FN:204,_RNCINvNtCs4amdhsVFeSZ_4givp5grasp15construct_graspNCINvNtB6_9impl_core3runNCNvNtBR_5testss_35test_run_with_invalid_config_errors0E0Es0_0B6_
FN:199,_RNCINvNtCs4amdhsVFeSZ_4givp5grasp15construct_graspNCINvNtB6_9impl_core3runNCNvNtBR_5testss_35test_run_with_invalid_config_errors0E0Es_0B6_
FN:193,_RNCINvNtCs4amdhsVFeSZ_4givp5grasp15construct_graspNCINvNtB6_9impl_core3runNCNvNtNtB6_10experiment5testss_21test_seed_sweep_basic0E0E0B6_
FN:204,_RNCINvNtCs4amdhsVFeSZ_4givp5grasp15construct_graspNCINvNtB6_9impl_core3runNCNvNtNtB6_10experiment5testss_21test_seed_sweep_basic0E0Es0_0B6_
FN:199,_RNCINvNtCs4amdhsVFeSZ_4givp5grasp15construct_graspNCINvNtB6_9impl_core3runNCNvNtNtB6_10experiment5testss_21test_seed_sweep_basic0E0Es_0B6_
FN:193,_RNCINvNtCs4amdhsVFeSZ_4givp5grasp15construct_graspNCINvNtB6_9impl_core3runNCNvNtNtB6_10experiment5testss_29test_seed_sweep_deterministic0E0E0B6_
FN:204,_RNCINvNtCs4amdhsVFeSZ_4givp5grasp15construct_graspNCINvNtB6_9impl_core3runNCNvNtNtB6_10experiment5testss_29test_seed_sweep_deterministic0E0Es0_0B6_
FN:199,_RNCINvNtCs4amdhsVFeSZ_4givp5grasp15construct_graspNCINvNtB6_9impl_core3runNCNvNtNtB6_10experiment5testss_29test_seed_sweep_deterministic0E0Es_0B6_
FN:193,_RNCINvNtCs4amdhsVFeSZ_4givp5grasp15construct_graspNCNvNtB4_5testss_54test_construct_grasp_expired_deadline_breaks_fill_loop0E0B6_
FN:204,_RNCINvNtCs4amdhsVFeSZ_4givp5grasp15construct_graspNCNvNtB4_5testss_54test_construct_grasp_expired_deadline_breaks_fill_loop0Es0_0B6_
FN:199,_RNCINvNtCs4amdhsVFeSZ_4givp5grasp15construct_graspNCNvNtB4_5testss_54test_construct_grasp_expired_deadline_breaks_fill_loop0Es_0B6_
FN:193,_RNCINvNtCs4amdhsVFeSZ_4givp5grasp15construct_graspNCNvNtB4_5testss_60test_construct_grasp_parallel_fallback_when_pool_build_fails0E0B6_
FN:204,_RNCINvNtCs4amdhsVFeSZ_4givp5grasp15construct_graspNCNvNtB4_5testss_60test_construct_grasp_parallel_fallback_when_pool_build_fails0Es0_0B6_
FN:199,_RNCINvNtCs4amdhsVFeSZ_4givp5grasp15construct_graspNCNvNtB4_5testss_60test_construct_grasp_parallel_fallback_when_pool_build_fails0Es_0B6_
FN:196,_RNCNCINvNtCs4amdhsVFeSZ_4givp5grasp15construct_graspNCINvNtB8_9impl_core3runNCNvNtBT_5testss_35test_run_with_invalid_config_errors0E0E00B8_
FN:196,_RNCNCINvNtCs4amdhsVFeSZ_4givp5grasp15construct_graspNCINvNtB8_9impl_core3runNCNvNtNtB8_10experiment5testss_21test_seed_sweep_basic0E0E00B8_
FN:196,_RNCNCINvNtCs4amdhsVFeSZ_4givp5grasp15construct_graspNCINvNtB8_9impl_core3runNCNvNtNtB8_10experiment5testss_29test_seed_sweep_deterministic0E0E00B8_
FN:196,_RNCNCINvNtCs4amdhsVFeSZ_4givp5grasp15construct_graspNCNvNtB6_5testss_54test_construct_grasp_expired_deadline_breaks_fill_loop0E00B8_
FN:196,_RNCNCINvNtCs4amdhsVFeSZ_4givp5grasp15construct_graspNCNvNtB6_5testss_60test_construct_grasp_parallel_fallback_when_pool_build_fails0E00B8_
FN:80,_RNCNvNtCs4amdhsVFeSZ_4givp5grasp15select_from_rcl0B5_
FN:234,_RNCNCNvNtNtCs4amdhsVFeSZ_4givp5grasp5testss_54test_construct_grasp_expired_deadline_breaks_fill_loop00B9_
FN:248,_RNCNCNvNtNtCs4amdhsVFeSZ_4givp5grasp5testss_60test_construct_grasp_parallel_fallback_when_pool_build_fails00B9_
FN:234,_RNCNvNtNtCs4amdhsVFeSZ_4givp5grasp5testss_54test_construct_grasp_expired_deadline_breaks_fill_loop0B7_
FN:248,_RNCNvNtNtCs4amdhsVFeSZ_4givp5grasp5testss_60test_construct_grasp_parallel_fallback_when_pool_build_fails0B7_
FN:221,_RNvNtNtCs4amdhsVFeSZ_4givp5grasp5testss_39test_select_from_rcl_empty_returns_none
FN:227,_RNvNtNtCs4amdhsVFeSZ_4givp5grasp5testss_54test_construct_grasp_expired_deadline_breaks_fill_loop
FN:243,_RNvNtNtCs4amdhsVFeSZ_4givp5grasp5testss_60test_construct_grasp_parallel_fallback_when_pool_build_fails
FN:148,_RINvNtCsccrOw7hymcd_4givp5grasp15construct_graspNCINvNtB4_9impl_core3runFG_RL0_SdEdE0ECscWfKaIeQ5sk_4givp
FN:47,_RINvNtCsccrOw7hymcd_4givp5grasp19evaluate_with_cacheNCINvNtB4_9impl_core3runFG_RL0_SdEdE0ECscWfKaIeQ5sk_4givp
FN:193,_RNCINvNtCsccrOw7hymcd_4givp5grasp15construct_graspNCINvNtB6_9impl_core3runFG_RL0_SdEdE0E0CscWfKaIeQ5sk_4givp
FN:204,_RNCINvNtCsccrOw7hymcd_4givp5grasp15construct_graspNCINvNtB6_9impl_core3runFG_RL0_SdEdE0Es0_0CscWfKaIeQ5sk_4givp
FN:199,_RNCINvNtCsccrOw7hymcd_4givp5grasp15construct_graspNCINvNtB6_9impl_core3runFG_RL0_SdEdE0Es_0CscWfKaIeQ5sk_4givp
FN:196,_RNCNCINvNtCsccrOw7hymcd_4givp5grasp15construct_graspNCINvNtB8_9impl_core3runFG_RL0_SdEdE0E00CscWfKaIeQ5sk_4givp
FN:148,_RINvNtCsccrOw7hymcd_4givp5grasp15construct_graspNCINvNtB4_9impl_core3runNCNvNtCs4Xm0UMb7tZ8_9test_givp5testss_13test_maximize0E0EB1e_
FN:148,_RINvNtCsccrOw7hymcd_4givp5grasp15construct_graspNCINvNtB4_9impl_core3runNCNvNtCs4Xm0UMb7tZ8_9test_givp5testss_21test_seed_sweep_basic0E0EB1e_
FN:148,_RINvNtCsccrOw7hymcd_4givp5grasp15construct_graspNCINvNtB4_9impl_core3runNCNvNtCs4Xm0UMb7tZ8_9test_givp5testss_24test_panicking_objective0E0EB1e_
FN:148,_RINvNtCsccrOw7hymcd_4givp5grasp15construct_graspNCINvNtB4_9impl_core3runNCNvNtCs4Xm0UMb7tZ8_9test_givp5testss_29test_seed_sweep_deterministic0E0EB1e_
FN:148,_RINvNtCsccrOw7hymcd_4givp5grasp15construct_graspNCINvNtB4_9impl_core3runNCNvNtCs4Xm0UMb7tZ8_9test_givp5testss_31test_seed_sweep_with_rosenbrock0E0EB1e_
FN:148,_RINvNtCsccrOw7hymcd_4givp5grasp15construct_graspNCINvNtB4_9impl_core3runNvNtCs4Xm0UMb7tZ8_9test_givp5tests10rosenbrockE0EB1c_
FN:148,_RINvNtCsccrOw7hymcd_4givp5grasp15construct_graspNCINvNtB4_9impl_core3runNvNtCs4Xm0UMb7tZ8_9test_givp5tests6sphereE0EB1c_
FN:47,_RINvNtCsccrOw7hymcd_4givp5grasp19evaluate_with_cacheNCINvNtB4_9impl_core3runNCNvNtCs4Xm0UMb7tZ8_9test_givp5testss_13test_maximize0E0EB1i_
FN:47,_RINvNtCsccrOw7hymcd_4givp5grasp19evaluate_with_cacheNCINvNtB4_9impl_core3runNCNvNtCs4Xm0UMb7tZ8_9test_givp5testss_21test_seed_sweep_basic0E0EB1i_
FN:47,_RINvNtCsccrOw7hymcd_4givp5grasp19evaluate_with_cacheNCINvNtB4_9impl_core3runNCNvNtCs4Xm0UMb7tZ8_9test_givp5testss_24test_panicking_objective0E0EB1i_
FN:47,_RINvNtCsccrOw7hymcd_4givp5grasp19evaluate_with_cacheNCINvNtB4_9impl_core3runNCNvNtCs4Xm0UMb7tZ8_9test_givp5testss_29test_seed_sweep_deterministic0E0EB1i_
FN:47,_RINvNtCsccrOw7hymcd_4givp5grasp19evaluate_with_cacheNCINvNtB4_9impl_core3runNCNvNtCs4Xm0UMb7tZ8_9test_givp5testss_31test_seed_sweep_with_rosenbrock0E0EB1i_
FN:47,_RINvNtCsccrOw7hymcd_4givp5grasp19evaluate_with_cacheNCINvNtB4_9impl_core3runNvNtCs4Xm0UMb7tZ8_9test_givp5tests10rosenbrockE0EB1g_
FN:47,_RINvNtCsccrOw7hymcd_4givp5grasp19evaluate_with_cacheNCINvNtB4_9impl_core3runNvNtCs4Xm0UMb7tZ8_9test_givp5tests6sphereE0EB1g_
FN:193,_RNCINvNtCsccrOw7hymcd_4givp5grasp15construct_graspNCINvNtB6_9impl_core3runNCNvNtCs4Xm0UMb7tZ8_9test_givp5testss_13test_maximize0E0E0B1g_
FN:204,_RNCINvNtCsccrOw7hymcd_4givp5grasp15construct_graspNCINvNtB6_9impl_core3runNCNvNtCs4Xm0UMb7tZ8_9test_givp5testss_13test_maximize0E0Es0_0B1g_
FN:199,_RNCINvNtCsccrOw7hymcd_4givp5grasp15construct_graspNCINvNtB6_9impl_core3runNCNvNtCs4Xm0UMb7tZ8_9test_givp5testss_13test_maximize0E0Es_0B1g_
FN:193,_RNCINvNtCsccrOw7hymcd_4givp5grasp15construct_graspNCINvNtB6_9impl_core3runNCNvNtCs4Xm0UMb7tZ8_9test_givp5testss_21test_seed_sweep_basic0E0E0B1g_
FN:204,_RNCINvNtCsccrOw7hymcd_4givp5grasp15construct_graspNCINvNtB6_9impl_core3runNCNvNtCs4Xm0UMb7tZ8_9test_givp5testss_21test_seed_sweep_basic0E0Es0_0B1g_
FN:199,_RNCINvNtCsccrOw7hymcd_4givp5grasp15construct_graspNCINvNtB6_9impl_core3runNCNvNtCs4Xm0UMb7tZ8_9test_givp5testss_21test_seed_sweep_basic0E0Es_0B1g_
FN:193,_RNCINvNtCsccrOw7hymcd_4givp5grasp15construct_graspNCINvNtB6_9impl_core3runNCNvNtCs4Xm0UMb7tZ8_9test_givp5testss_24test_panicking_objective0E0E0B1g_
FN:204,_RNCINvNtCsccrOw7hymcd_4givp5grasp15construct_graspNCINvNtB6_9impl_core3runNCNvNtCs4Xm0UMb7tZ8_9test_givp5testss_24test_panicking_objective0E0Es0_0B1g_
FN:199,_RNCINvNtCsccrOw7hymcd_4givp5grasp15construct_graspNCINvNtB6_9impl_core3runNCNvNtCs4Xm0UMb7tZ8_9test_givp5testss_24test_panicking_objective0E0Es_0B1g_
FN:193,_RNCINvNtCsccrOw7hymcd_4givp5grasp15construct_graspNCINvNtB6_9impl_core3runNCNvNtCs4Xm0UMb7tZ8_9test_givp5testss_29test_seed_sweep_deterministic0E0E0B1g_
FN:204,_RNCINvNtCsccrOw7hymcd_4givp5grasp15construct_graspNCINvNtB6_9impl_core3runNCNvNtCs4Xm0UMb7tZ8_9test_givp5testss_29test_seed_sweep_deterministic0E0Es0_0B1g_
FN:199,_RNCINvNtCsccrOw7hymcd_4givp5grasp15construct_graspNCINvNtB6_9impl_core3runNCNvNtCs4Xm0UMb7tZ8_9test_givp5testss_29test_seed_sweep_deterministic0E0Es_0B1g_
FN:193,_RNCINvNtCsccrOw7hymcd_4givp5grasp15construct_graspNCINvNtB6_9impl_core3runNCNvNtCs4Xm0UMb7tZ8_9test_givp5testss_31test_seed_sweep_with_rosenbrock0E0E0B1g_
FN:204,_RNCINvNtCsccrOw7hymcd_4givp5grasp15construct_graspNCINvNtB6_9impl_core3runNCNvNtCs4Xm0UMb7tZ8_9test_givp5testss_31test_seed_sweep_with_rosenbrock0E0Es0_0B1g_
FN:199,_RNCINvNtCsccrOw7hymcd_4givp5grasp15construct_graspNCINvNtB6_9impl_core3runNCNvNtCs4Xm0UMb7tZ8_9test_givp5testss_31test_seed_sweep_with_rosenbrock0E0Es_0B1g_
FN:193,_RNCINvNtCsccrOw7hymcd_4givp5grasp15construct_graspNCINvNtB6_9impl_core3runNvNtCs4Xm0UMb7tZ8_9test_givp5tests10rosenbrockE0E0B1e_
FN:204,_RNCINvNtCsccrOw7hymcd_4givp5grasp15construct_graspNCINvNtB6_9impl_core3runNvNtCs4Xm0UMb7tZ8_9test_givp5tests10rosenbrockE0Es0_0B1e_
FN:199,_RNCINvNtCsccrOw7hymcd_4givp5grasp15construct_graspNCINvNtB6_9impl_core3runNvNtCs4Xm0UMb7tZ8_9test_givp5tests10rosenbrockE0Es_0B1e_
FN:193,_RNCINvNtCsccrOw7hymcd_4givp5grasp15construct_graspNCINvNtB6_9impl_core3runNvNtCs4Xm0UMb7tZ8_9test_givp5tests6sphereE0E0B1e_
FN:204,_RNCINvNtCsccrOw7hymcd_4givp5grasp15construct_graspNCINvNtB6_9impl_core3runNvNtCs4Xm0UMb7tZ8_9test_givp5tests6sphereE0Es0_0B1e_
FN:199,_RNCINvNtCsccrOw7hymcd_4givp5grasp15construct_graspNCINvNtB6_9impl_core3runNvNtCs4Xm0UMb7tZ8_9test_givp5tests6sphereE0Es_0B1e_
FN:196,_RNCNCINvNtCsccrOw7hymcd_4givp5grasp15construct_graspNCINvNtB8_9impl_core3runNCNvNtCs4Xm0UMb7tZ8_9test_givp5testss_13test_maximize0E0E00B1i_
FN:196,_RNCNCINvNtCsccrOw7hymcd_4givp5grasp15construct_graspNCINvNtB8_9impl_core3runNCNvNtCs4Xm0UMb7tZ8_9test_givp5testss_21test_seed_sweep_basic0E0E00B1i_
FN:196,_RNCNCINvNtCsccrOw7hymcd_4givp5grasp15construct_graspNCINvNtB8_9impl_core3runNCNvNtCs4Xm0UMb7tZ8_9test_givp5testss_24test_panicking_objective0E0E00B1i_
FN:196,_RNCNCINvNtCsccrOw7hymcd_4givp5grasp15construct_graspNCINvNtB8_9impl_core3runNCNvNtCs4Xm0UMb7tZ8_9test_givp5testss_29test_seed_sweep_deterministic0E0E00B1i_
FN:196,_RNCNCINvNtCsccrOw7hymcd_4givp5grasp15construct_graspNCINvNtB8_9impl_core3runNCNvNtCs4Xm0UMb7tZ8_9test_givp5testss_31test_seed_sweep_with_rosenbrock0E0E00B1i_
FN:196,_RNCNCINvNtCsccrOw7hymcd_4givp5grasp15construct_graspNCINvNtB8_9impl_core3runNvNtCs4Xm0UMb7tZ8_9test_givp5tests10rosenbrockE0E00B1g_
FN:196,_RNCNCINvNtCsccrOw7hymcd_4givp5grasp15construct_graspNCINvNtB8_9impl_core3runNvNtCs4Xm0UMb7tZ8_9test_givp5tests6sphereE0E00B1g_
FNDA:105,_RINvNtCsccrOw7hymcd_4givp5grasp15construct_graspNCINvNtB4_9impl_core3runFG_RL0_SdEdE0ECsh7Z5OsR1Cxj_4givp
FNDA:493606,_RINvNtCsccrOw7hymcd_4givp5grasp19evaluate_with_cacheNCINvNtB4_9impl_core3runFG_RL0_SdEdE0ECsh7Z5OsR1Cxj_4givp
FNDA:0,_RNCINvNtCsccrOw7hymcd_4givp5grasp15construct_graspNCINvNtB6_9impl_core3runFG_RL0_SdEdE0E0Csh7Z5OsR1Cxj_4givp
FNDA:2100,_RNCINvNtCsccrOw7hymcd_4givp5grasp15construct_graspNCINvNtB6_9impl_core3runFG_RL0_SdEdE0Es0_0Csh7Z5OsR1Cxj_4givp
FNDA:0,_RNCINvNtCsccrOw7hymcd_4givp5grasp15construct_graspNCINvNtB6_9impl_core3runFG_RL0_SdEdE0Es_0Csh7Z5OsR1Cxj_4givp
FNDA:0,_RNCNCINvNtCsccrOw7hymcd_4givp5grasp15construct_graspNCINvNtB8_9impl_core3runFG_RL0_SdEdE0E00Csh7Z5OsR1Cxj_4givp
FNDA:3121,_RNvNtCsccrOw7hymcd_4givp5grasp15select_from_rcl
FNDA:23,_RNvNtCsccrOw7hymcd_4givp5grasp16build_local_pool
FNDA:2329,_RNvNtCsccrOw7hymcd_4givp5grasp17get_current_alpha
FNDA:58746,_RNvNtCsccrOw7hymcd_4givp5grasp22build_random_candidate
FNDA:3121,_RNvNtCsccrOw7hymcd_4givp5grasp25build_heuristic_candidate
FNDA:3660,_RNvNtCsccrOw7hymcd_4givp5grasp26sample_integer_from_bounds
FNDA:61868,_RNCNvNtCsccrOw7hymcd_4givp5grasp15select_from_rcl0B5_
FNDA:114,_RNvNtCs4amdhsVFeSZ_4givp5grasp15select_from_rcl
FNDA:1,_RNvNtCs4amdhsVFeSZ_4givp5grasp16build_local_pool
FNDA:80,_RNvNtCs4amdhsVFeSZ_4givp5grasp17get_current_alpha
FNDA:2116,_RNvNtCs4amdhsVFeSZ_4givp5grasp22build_random_candidate
FNDA:113,_RNvNtCs4amdhsVFeSZ_4givp5grasp25build_heuristic_candidate
FNDA:2,_RNvNtCs4amdhsVFeSZ_4givp5grasp25set_force_pool_build_fail
FNDA:0,_RNvNtCs4amdhsVFeSZ_4givp5grasp26sample_integer_from_bounds
FNDA:0,_RINvNtCs4amdhsVFeSZ_4givp5grasp15construct_graspNCINvNtB4_9impl_core3runNCNvNtBP_5testss_35test_run_with_invalid_config_errors0E0EB4_
FNDA:67,_RINvNtCs4amdhsVFeSZ_4givp5grasp15construct_graspNCINvNtB4_9impl_core3runNCNvNtNtB4_10experiment5testss_21test_seed_sweep_basic0E0EB4_
FNDA:44,_RINvNtCs4amdhsVFeSZ_4givp5grasp15construct_graspNCINvNtB4_9impl_core3runNCNvNtNtB4_10experiment5testss_29test_seed_sweep_deterministic0E0EB4_
FNDA:1,_RINvNtCs4amdhsVFeSZ_4givp5grasp15construct_graspNCNvNtB2_5testss_54test_construct_grasp_expired_deadline_breaks_fill_loop0EB4_
FNDA:1,_RINvNtCs4amdhsVFeSZ_4givp5grasp15construct_graspNCNvNtB2_5testss_60test_construct_grasp_parallel_fallback_when_pool_build_fails0EB4_
FNDA:0,_RINvNtCs4amdhsVFeSZ_4givp5grasp19evaluate_with_cacheNCINvNtB4_9impl_core3runNCNvNtBT_5testss_35test_run_with_invalid_config_errors0E0EB4_
FNDA:77247,_RINvNtCs4amdhsVFeSZ_4givp5grasp19evaluate_with_cacheNCINvNtB4_9impl_core3runNCNvNtNtB4_10experiment5testss_21test_seed_sweep_basic0E0EB4_
FNDA:34878,_RINvNtCs4amdhsVFeSZ_4givp5grasp19evaluate_with_cacheNCINvNtB4_9impl_core3runNCNvNtNtB4_10experiment5testss_29test_seed_sweep_deterministic0E0EB4_
FNDA:1,_RINvNtCs4amdhsVFeSZ_4givp5grasp19evaluate_with_cacheNCNvNtB2_5testss_54test_construct_grasp_expired_deadline_breaks_fill_loop0EB4_
FNDA:0,_RINvNtCs4amdhsVFeSZ_4givp5grasp19evaluate_with_cacheNCNvNtB2_5testss_60test_construct_grasp_parallel_fallback_when_pool_build_fails0EB4_
FNDA:14,_RINvNtCs4amdhsVFeSZ_4givp5grasp19evaluate_with_cacheNCNvNtNtB4_2pr5testss_23test_backward_path_wins0EB4_
FNDA:2,_RINvNtCs4amdhsVFeSZ_4givp5grasp19evaluate_with_cacheNCNvNtNtB4_2pr5testss_39test_expired_deadline_breaks_inner_loop0EB4_
FNDA:1,_RINvNtCs4amdhsVFeSZ_4givp5grasp19evaluate_with_cacheNCNvNtNtB4_2pr5testss_44test_identical_solutions_returns_immediately0EB4_
FNDA:0,_RINvNtCs4amdhsVFeSZ_4givp5grasp19evaluate_with_cacheNCNvNtNtB4_3vnd5testss_45test_local_search_vnd_expired_deadline_breaks0EB4_
FNDA:0,_RINvNtCs4amdhsVFeSZ_4givp5grasp19evaluate_with_cacheNCNvNtNtB4_3vnd5testss_46test_neighborhood_flip_expired_deadline_breaks0EB4_
FNDA:0,_RINvNtCs4amdhsVFeSZ_4givp5grasp19evaluate_with_cacheNCNvNtNtB4_3vnd5testss_46test_neighborhood_swap_expired_deadline_breaks0EB4_
FNDA:0,_RINvNtCs4amdhsVFeSZ_4givp5grasp19evaluate_with_cacheNCNvNtNtB4_3vnd5testss_51test_neighborhood_multiflip_expired_deadline_breaks0EB4_
FNDA:0,_RINvNtCs4amdhsVFeSZ_4givp5grasp19evaluate_with_cacheNCNvNtNtB4_9impl_core5testss_47test_do_path_relinking_expired_deadline_returns0EB4_
FNDA:0,_RNCINvNtCs4amdhsVFeSZ_4givp5grasp15construct_graspNCINvNtB6_9impl_core3runNCNvNtBR_5testss_35test_run_with_invalid_config_errors0E0E0B6_
FNDA:0,_RNCINvNtCs4amdhsVFeSZ_4givp5grasp15construct_graspNCINvNtB6_9impl_core3runNCNvNtBR_5testss_35test_run_with_invalid_config_errors0E0Es0_0B6_
FNDA:0,_RNCINvNtCs4amdhsVFeSZ_4givp5grasp15construct_graspNCINvNtB6_9impl_core3runNCNvNtBR_5testss_35test_run_with_invalid_config_errors0E0Es_0B6_
FNDA:0,_RNCINvNtCs4amdhsVFeSZ_4givp5grasp15construct_graspNCINvNtB6_9impl_core3runNCNvNtNtB6_10experiment5testss_21test_seed_sweep_basic0E0E0B6_
FNDA:1340,_RNCINvNtCs4amdhsVFeSZ_4givp5grasp15construct_graspNCINvNtB6_9impl_core3runNCNvNtNtB6_10experiment5testss_21test_seed_sweep_basic0E0Es0_0B6_
FNDA:0,_RNCINvNtCs4amdhsVFeSZ_4givp5grasp15construct_graspNCINvNtB6_9impl_core3runNCNvNtNtB6_10experiment5testss_21test_seed_sweep_basic0E0Es_0B6_
FNDA:0,_RNCINvNtCs4amdhsVFeSZ_4givp5grasp15construct_graspNCINvNtB6_9impl_core3runNCNvNtNtB6_10experiment5testss_29test_seed_sweep_deterministic0E0E0B6_
FNDA:880,_RNCINvNtCs4amdhsVFeSZ_4givp5grasp15construct_graspNCINvNtB6_9impl_core3runNCNvNtNtB6_10experiment5testss_29test_seed_sweep_deterministic0E0Es0_0B6_
FNDA:0,_RNCINvNtCs4amdhsVFeSZ_4givp5grasp15construct_graspNCINvNtB6_9impl_core3runNCNvNtNtB6_10experiment5testss_29test_seed_sweep_deterministic0E0Es_0B6_
FNDA:0,_RNCINvNtCs4amdhsVFeSZ_4givp5grasp15construct_graspNCNvNtB4_5testss_54test_construct_grasp_expired_deadline_breaks_fill_loop0E0B6_
FNDA:1,_RNCINvNtCs4amdhsVFeSZ_4givp5grasp15construct_graspNCNvNtB4_5testss_54test_construct_grasp_expired_deadline_breaks_fill_loop0Es0_0B6_
FNDA:0,_RNCINvNtCs4amdhsVFeSZ_4givp5grasp15construct_graspNCNvNtB4_5testss_54test_construct_grasp_expired_deadline_breaks_fill_loop0Es_0B6_
FNDA:0,_RNCINvNtCs4amdhsVFeSZ_4givp5grasp15construct_graspNCNvNtB4_5testss_60test_construct_grasp_parallel_fallback_when_pool_build_fails0E0B6_
FNDA:0,_RNCINvNtCs4amdhsVFeSZ_4givp5grasp15construct_graspNCNvNtB4_5testss_60test_construct_grasp_parallel_fallback_when_pool_build_fails0Es0_0B6_
FNDA:8,_RNCINvNtCs4amdhsVFeSZ_4givp5grasp15construct_graspNCNvNtB4_5testss_60test_construct_grasp_parallel_fallback_when_pool_build_fails0Es_0B6_
FNDA:0,_RNCNCINvNtCs4amdhsVFeSZ_4givp5grasp15construct_graspNCINvNtB8_9impl_core3runNCNvNtBT_5testss_35test_run_with_invalid_config_errors0E0E00B8_
FNDA:0,_RNCNCINvNtCs4amdhsVFeSZ_4givp5grasp15construct_graspNCINvNtB8_9impl_core3runNCNvNtNtB8_10experiment5testss_21test_seed_sweep_basic0E0E00B8_
FNDA:0,_RNCNCINvNtCs4amdhsVFeSZ_4givp5grasp15construct_graspNCINvNtB8_9impl_core3runNCNvNtNtB8_10experiment5testss_29test_seed_sweep_deterministic0E0E00B8_
FNDA:0,_RNCNCINvNtCs4amdhsVFeSZ_4givp5grasp15construct_graspNCNvNtB6_5testss_54test_construct_grasp_expired_deadline_breaks_fill_loop0E00B8_
FNDA:0,_RNCNCINvNtCs4amdhsVFeSZ_4givp5grasp15construct_graspNCNvNtB6_5testss_60test_construct_grasp_parallel_fallback_when_pool_build_fails0E00B8_
FNDA:2229,_RNCNvNtCs4amdhsVFeSZ_4givp5grasp15select_from_rcl0B5_
FNDA:2,_RNCNCNvNtNtCs4amdhsVFeSZ_4givp5grasp5testss_54test_construct_grasp_expired_deadline_breaks_fill_loop00B9_
FNDA:16,_RNCNCNvNtNtCs4amdhsVFeSZ_4givp5grasp5testss_60test_construct_grasp_parallel_fallback_when_pool_build_fails00B9_
FNDA:1,_RNCNvNtNtCs4amdhsVFeSZ_4givp5grasp5testss_54test_construct_grasp_expired_deadline_breaks_fill_loop0B7_
FNDA:8,_RNCNvNtNtCs4amdhsVFeSZ_4givp5grasp5testss_60test_construct_grasp_parallel_fallback_when_pool_build_fails0B7_
FNDA:1,_RNvNtNtCs4amdhsVFeSZ_4givp5grasp5testss_39test_select_from_rcl_empty_returns_none
FNDA:1,_RNvNtNtCs4amdhsVFeSZ_4givp5grasp5testss_54test_construct_grasp_expired_deadline_breaks_fill_loop
FNDA:1,_RNvNtNtCs4amdhsVFeSZ_4givp5grasp5testss_60test_construct_grasp_parallel_fallback_when_pool_build_fails
FNDA:106,_RINvNtCsccrOw7hymcd_4givp5grasp15construct_graspNCINvNtB4_9impl_core3runFG_RL0_SdEdE0ECscWfKaIeQ5sk_4givp
FNDA:485189,_RINvNtCsccrOw7hymcd_4givp5grasp19evaluate_with_cacheNCINvNtB4_9impl_core3runFG_RL0_SdEdE0ECscWfKaIeQ5sk_4givp
FNDA:0,_RNCINvNtCsccrOw7hymcd_4givp5grasp15construct_graspNCINvNtB6_9impl_core3runFG_RL0_SdEdE0E0CscWfKaIeQ5sk_4givp
FNDA:2120,_RNCINvNtCsccrOw7hymcd_4givp5grasp15construct_graspNCINvNtB6_9impl_core3runFG_RL0_SdEdE0Es0_0CscWfKaIeQ5sk_4givp
FNDA:0,_RNCINvNtCsccrOw7hymcd_4givp5grasp15construct_graspNCINvNtB6_9impl_core3runFG_RL0_SdEdE0Es_0CscWfKaIeQ5sk_4givp
FNDA:0,_RNCNCINvNtCsccrOw7hymcd_4givp5grasp15construct_graspNCINvNtB8_9impl_core3runFG_RL0_SdEdE0E00CscWfKaIeQ5sk_4givp
FNDA:23,_RINvNtCsccrOw7hymcd_4givp5grasp15construct_graspNCINvNtB4_9impl_core3runNCNvNtCs4Xm0UMb7tZ8_9test_givp5testss_13test_maximize0E0EB1e_
FNDA:67,_RINvNtCsccrOw7hymcd_4givp5grasp15construct_graspNCINvNtB4_9impl_core3runNCNvNtCs4Xm0UMb7tZ8_9test_givp5testss_21test_seed_sweep_basic0E0EB1e_
FNDA:8,_RINvNtCsccrOw7hymcd_4givp5grasp15construct_graspNCINvNtB4_9impl_core3runNCNvNtCs4Xm0UMb7tZ8_9test_givp5testss_24test_panicking_objective0E0EB1e_
FNDA:44,_RINvNtCsccrOw7hymcd_4givp5grasp15construct_graspNCINvNtB4_9impl_core3runNCNvNtCs4Xm0UMb7tZ8_9test_givp5testss_29test_seed_sweep_deterministic0E0EB1e_
FNDA:73,_RINvNtCsccrOw7hymcd_4givp5grasp15construct_graspNCINvNtB4_9impl_core3runNCNvNtCs4Xm0UMb7tZ8_9test_givp5testss_31test_seed_sweep_with_rosenbrock0E0EB1e_
FNDA:53,_RINvNtCsccrOw7hymcd_4givp5grasp15construct_graspNCINvNtB4_9impl_core3runNvNtCs4Xm0UMb7tZ8_9test_givp5tests10rosenbrockE0EB1c_
FNDA:2642,_RINvNtCsccrOw7hymcd_4givp5grasp15construct_graspNCINvNtB4_9impl_core3runNvNtCs4Xm0UMb7tZ8_9test_givp5tests6sphereE0EB1c_
FNDA:27701,_RINvNtCsccrOw7hymcd_4givp5grasp19evaluate_with_cacheNCINvNtB4_9impl_core3runNCNvNtCs4Xm0UMb7tZ8_9test_givp5testss_13test_maximize0E0EB1i_
FNDA:77247,_RINvNtCsccrOw7hymcd_4givp5grasp19evaluate_with_cacheNCINvNtB4_9impl_core3runNCNvNtCs4Xm0UMb7tZ8_9test_givp5testss_21test_seed_sweep_basic0E0EB1i_
FNDA:5050,_RINvNtCsccrOw7hymcd_4givp5grasp19evaluate_with_cacheNCINvNtB4_9impl_core3runNCNvNtCs4Xm0UMb7tZ8_9test_givp5testss_24test_panicking_objective0E0EB1i_
FNDA:34878,_RINvNtCsccrOw7hymcd_4givp5grasp19evaluate_with_cacheNCINvNtB4_9impl_core3runNCNvNtCs4Xm0UMb7tZ8_9test_givp5testss_29test_seed_sweep_deterministic0E0EB1i_
FNDA:61780,_RINvNtCsccrOw7hymcd_4givp5grasp19evaluate_with_cacheNCINvNtB4_9impl_core3runNCNvNtCs4Xm0UMb7tZ8_9test_givp5testss_31test_seed_sweep_with_rosenbrock0E0EB1i_
FNDA:70714,_RINvNtCsccrOw7hymcd_4givp5grasp19evaluate_with_cacheNCINvNtB4_9impl_core3runNvNtCs4Xm0UMb7tZ8_9test_givp5tests10rosenbrockE0EB1g_
FNDA:2998255,_RINvNtCsccrOw7hymcd_4givp5grasp19evaluate_with_cacheNCINvNtB4_9impl_core3runNvNtCs4Xm0UMb7tZ8_9test_givp5tests6sphereE0EB1g_
FNDA:0,_RNCINvNtCsccrOw7hymcd_4givp5grasp15construct_graspNCINvNtB6_9impl_core3runNCNvNtCs4Xm0UMb7tZ8_9test_givp5testss_13test_maximize0E0E0B1g_
FNDA:460,_RNCINvNtCsccrOw7hymcd_4givp5grasp15construct_graspNCINvNtB6_9impl_core3runNCNvNtCs4Xm0UMb7tZ8_9test_givp5testss_13test_maximize0E0Es0_0B1g_
FNDA:0,_RNCINvNtCsccrOw7hymcd_4givp5grasp15construct_graspNCINvNtB6_9impl_core3runNCNvNtCs4Xm0UMb7tZ8_9test_givp5testss_13test_maximize0E0Es_0B1g_
FNDA:0,_RNCINvNtCsccrOw7hymcd_4givp5grasp15construct_graspNCINvNtB6_9impl_core3runNCNvNtCs4Xm0UMb7tZ8_9test_givp5testss_21test_seed_sweep_basic0E0E0B1g_
FNDA:1340,_RNCINvNtCsccrOw7hymcd_4givp5grasp15construct_graspNCINvNtB6_9impl_core3runNCNvNtCs4Xm0UMb7tZ8_9test_givp5testss_21test_seed_sweep_basic0E0Es0_0B1g_
FNDA:0,_RNCINvNtCsccrOw7hymcd_4givp5grasp15construct_graspNCINvNtB6_9impl_core3runNCNvNtCs4Xm0UMb7tZ8_9test_givp5testss_21test_seed_sweep_basic0E0Es_0B1g_
FNDA:0,_RNCINvNtCsccrOw7hymcd_4givp5grasp15construct_graspNCINvNtB6_9impl_core3runNCNvNtCs4Xm0UMb7tZ8_9test_givp5testss_24test_panicking_objective0E0E0B1g_
FNDA:160,_RNCINvNtCsccrOw7hymcd_4givp5grasp15construct_graspNCINvNtB6_9impl_core3runNCNvNtCs4Xm0UMb7tZ8_9test_givp5testss_24test_panicking_objective0E0Es0_0B1g_
FNDA:0,_RNCINvNtCsccrOw7hymcd_4givp5grasp15construct_graspNCINvNtB6_9impl_core3runNCNvNtCs4Xm0UMb7tZ8_9test_givp5testss_24test_panicking_objective0E0Es_0B1g_
FNDA:0,_RNCINvNtCsccrOw7hymcd_4givp5grasp15construct_graspNCINvNtB6_9impl_core3runNCNvNtCs4Xm0UMb7tZ8_9test_givp5testss_29test_seed_sweep_deterministic0E0E0B1g_
FNDA:880,_RNCINvNtCsccrOw7hymcd_4givp5grasp15construct_graspNCINvNtB6_9impl_core3runNCNvNtCs4Xm0UMb7tZ8_9test_givp5testss_29test_seed_sweep_deterministic0E0Es0_0B1g_
FNDA:0,_RNCINvNtCsccrOw7hymcd_4givp5grasp15construct_graspNCINvNtB6_9impl_core3runNCNvNtCs4Xm0UMb7tZ8_9test_givp5testss_29test_seed_sweep_deterministic0E0Es_0B1g_
FNDA:0,_RNCINvNtCsccrOw7hymcd_4givp5grasp15construct_graspNCINvNtB6_9impl_core3runNCNvNtCs4Xm0UMb7tZ8_9test_givp5testss_31test_seed_sweep_with_rosenbrock0E0E0B1g_
FNDA:1460,_RNCINvNtCsccrOw7hymcd_4givp5grasp15construct_graspNCINvNtB6_9impl_core3runNCNvNtCs4Xm0UMb7tZ8_9test_givp5testss_31test_seed_sweep_with_rosenbrock0E0Es0_0B1g_
FNDA:0,_RNCINvNtCsccrOw7hymcd_4givp5grasp15construct_graspNCINvNtB6_9impl_core3runNCNvNtCs4Xm0UMb7tZ8_9test_givp5testss_31test_seed_sweep_with_rosenbrock0E0Es_0B1g_
FNDA:0,_RNCINvNtCsccrOw7hymcd_4givp5grasp15construct_graspNCINvNtB6_9impl_core3runNvNtCs4Xm0UMb7tZ8_9test_givp5tests10rosenbrockE0E0B1e_
FNDA:1060,_RNCINvNtCsccrOw7hymcd_4givp5grasp15construct_graspNCINvNtB6_9impl_core3runNvNtCs4Xm0UMb7tZ8_9test_givp5tests10rosenbrockE0Es0_0B1e_
FNDA:0,_RNCINvNtCsccrOw7hymcd_4givp5grasp15construct_graspNCINvNtB6_9impl_core3runNvNtCs4Xm0UMb7tZ8_9test_givp5tests10rosenbrockE0Es_0B1e_
FNDA:23,_RNCINvNtCsccrOw7hymcd_4givp5grasp15construct_graspNCINvNtB6_9impl_core3runNvNtCs4Xm0UMb7tZ8_9test_givp5tests6sphereE0E0B1e_
FNDA:52104,_RNCINvNtCsccrOw7hymcd_4givp5grasp15construct_graspNCINvNtB6_9impl_core3runNvNtCs4Xm0UMb7tZ8_9test_givp5tests6sphereE0Es0_0B1e_
FNDA:0,_RNCINvNtCsccrOw7hymcd_4givp5grasp15construct_graspNCINvNtB6_9impl_core3runNvNtCs4Xm0UMb7tZ8_9test_givp5tests6sphereE0Es_0B1e_
FNDA:0,_RNCNCINvNtCsccrOw7hymcd_4givp5grasp15construct_graspNCINvNtB8_9impl_core3runNCNvNtCs4Xm0UMb7tZ8_9test_givp5testss_13test_maximize0E0E00B1i_
FNDA:0,_RNCNCINvNtCsccrOw7hymcd_4givp5grasp15construct_graspNCINvNtB8_9impl_core3runNCNvNtCs4Xm0UMb7tZ8_9test_givp5testss_21test_seed_sweep_basic0E0E00B1i_
FNDA:0,_RNCNCINvNtCsccrOw7hymcd_4givp5grasp15construct_graspNCINvNtB8_9impl_core3runNCNvNtCs4Xm0UMb7tZ8_9test_givp5testss_24test_panicking_objective0E0E00B1i_
FNDA:0,_RNCNCINvNtCsccrOw7hymcd_4givp5grasp15construct_graspNCINvNtB8_9impl_core3runNCNvNtCs4Xm0UMb7tZ8_9test_givp5testss_29test_seed_sweep_deterministic0E0E00B1i_
FNDA:0,_RNCNCINvNtCsccrOw7hymcd_4givp5grasp15construct_graspNCINvNtB8_9impl_core3runNCNvNtCs4Xm0UMb7tZ8_9test_givp5testss_31test_seed_sweep_with_rosenbrock0E0E00B1i_
FNDA:0,_RNCNCINvNtCsccrOw7hymcd_4givp5grasp15construct_graspNCINvNtB8_9impl_core3runNvNtCs4Xm0UMb7tZ8_9test_givp5tests10rosenbrockE0E00B1g_
FNDA:184,_RNCNCINvNtCsccrOw7hymcd_4givp5grasp15construct_graspNCINvNtB8_9impl_core3runNvNtCs4Xm0UMb7tZ8_9test_givp5tests6sphereE0E00B1g_
FNF:21
FNH:21
DA:14,24
DA:15,24
DA:16,1
DA:17,23
DA:19,23
DA:20,23
DA:21,23
DA:22,23
DA:23,24
DA:26,2
DA:27,2
DA:28,2
DA:31,2409
DA:32,2409
DA:33,2409
DA:34,2409
DA:35,2409
DA:36,2409
DA:37,2409
DA:38,2409
DA:39,2409
DA:40,10
DA:41,2399
DA:42,2399
DA:43,2399
DA:44,2409
DA:47,4366563
DA:48,4366563
DA:49,4366563
DA:50,4366563
DA:51,4366563
DA:52,4366563
DA:53,4366563
DA:54,4366563
DA:56,4366563
DA:57,4250159
DA:58,233244
DA:59,4016915
DA:60,4016915
DA:61,4016915
DA:62,4016915
DA:64,116404
DA:66,4366563
DA:69,3235
DA:70,3235
DA:71,1
DA:72,3234
DA:73,3234
DA:74,3234
DA:75,3234
DA:77,3234
DA:78,3234
DA:79,3234
DA:80,64097
DA:81,3234
DA:82,3234
DA:84,3234
DA:85,8
DA:86,3226
DA:87,3226
DA:88,3226
DA:89,3235
DA:92,3660
DA:93,3660
DA:94,3660
DA:95,3660
DA:96,840
DA:97,2820
DA:98,2820
DA:99,3660
DA:102,60862
DA:103,60862
DA:104,60862
DA:105,60862
DA:106,60862
DA:107,60862
DA:108,60862
DA:109,60862
DA:110,168403
DA:111,168403
DA:112,168403
DA:113,60862
DA:114,3477
DA:115,3477
DA:116,60862
DA:117,60862
DA:120,3234
DA:121,3234
DA:122,3234
DA:123,3234
DA:124,3234
DA:125,3234
DA:126,3234
DA:127,3234
DA:128,9012
DA:129,9012
DA:130,9012
DA:131,9012
DA:132,9012
DA:133,9012
DA:134,3234
DA:135,183
DA:136,183
DA:137,3234
DA:138,3234
DA:148,3234
DA:149,3234
DA:150,3234
DA:151,3234
DA:152,3234
DA:153,3234
DA:154,3234
DA:155,3234
DA:156,3234
DA:157,3234
DA:158,3234
DA:159,3234
DA:160,3234
DA:161,3234
DA:162,3234
DA:163,3234
DA:165,3234
DA:168,3234
DA:169,1
DA:170,1
DA:171,1
DA:172,3233
DA:174,3234
DA:175,3234
DA:176,3234
DA:177,3234
DA:178,3234
DA:180,64096
DA:181,60863
DA:182,1
DA:183,60862
DA:184,60862
DA:185,60862
DA:186,60862
DA:190,3234
DA:192,24
DA:193,23
DA:194,23
DA:195,23
DA:196,184
DA:197,23
DA:198,23
DA:199,8
DA:202,3210
DA:203,3210
DA:204,63905
DA:205,3210
DA:209,3234
DA:210,3234
DA:211,3234
DA:221,1
DA:222,1
DA:223,1
DA:224,1
DA:227,1
DA:230,1
DA:231,1
DA:232,1
DA:233,1
DA:234,2
DA:235,1
DA:236,1
DA:237,1
DA:238,1
DA:239,1
DA:240,1
DA:241,1
DA:243,1
DA:244,1
DA:245,1
DA:246,1
DA:247,1
DA:248,16
DA:250,1
DA:251,1
DA:252,1
DA:253,1
DA:254,1
DA:256,1
DA:257,1
DA:258,1
BRF:0
BRH:0
LF:195
LH:191
end_of_record
SF:D:\Projetos Pessoais\grasp_ils_vnd_pr\rust\src\helpers.rs
FN:22,_RINvNtCsccrOw7hymcd_4givp7helpers13safe_evaluateNCINvNtB4_9impl_core3runFG_RL0_SdEdE0ECsh7Z5OsR1Cxj_4givp
FN:26,_RNCINvNtCsccrOw7hymcd_4givp7helpers13safe_evaluateNCINvNtB6_9impl_core3runFG_RL0_SdEdE0E0Csh7Z5OsR1Cxj_4givp
FN:50,_RNvNtCsccrOw7hymcd_4givp7helpers22normalize_integer_tail
FN:57,_RNvNtCsccrOw7hymcd_4givp7helpers5clamp
FN:14,_RNvNtCsccrOw7hymcd_4givp7helpers7expired
FN:34,_RNvNtCsccrOw7hymcd_4givp7helpers7new_rng
FN:9,_RNvNtCsccrOw7hymcd_4givp7helpers8get_half
FN:43,_RNvNtCsccrOw7hymcd_4givp7helpers9child_rng
FN:22,_RINvNtCs4amdhsVFeSZ_4givp7helpers13safe_evaluateNCINvNtB4_9impl_core3runNCNvNtBP_5testss_35test_run_with_invalid_config_errors0E0EB4_
FN:22,_RINvNtCs4amdhsVFeSZ_4givp7helpers13safe_evaluateNCINvNtB4_9impl_core3runNCNvNtNtB4_10experiment5testss_21test_seed_sweep_basic0E0EB4_
FN:22,_RINvNtCs4amdhsVFeSZ_4givp7helpers13safe_evaluateNCINvNtB4_9impl_core3runNCNvNtNtB4_10experiment5testss_29test_seed_sweep_deterministic0E0EB4_
FN:22,_RINvNtCs4amdhsVFeSZ_4givp7helpers13safe_evaluateNCNvNtNtB4_2pr5testss_23test_backward_path_wins0EB4_
FN:22,_RINvNtCs4amdhsVFeSZ_4givp7helpers13safe_evaluateNCNvNtNtB4_2pr5testss_39test_expired_deadline_breaks_inner_loop0EB4_
FN:22,_RINvNtCs4amdhsVFeSZ_4givp7helpers13safe_evaluateNCNvNtNtB4_2pr5testss_44test_identical_solutions_returns_immediately0EB4_
FN:22,_RINvNtCs4amdhsVFeSZ_4givp7helpers13safe_evaluateNCNvNtNtB4_3vnd5testss_45test_local_search_vnd_expired_deadline_breaks0EB4_
FN:22,_RINvNtCs4amdhsVFeSZ_4givp7helpers13safe_evaluateNCNvNtNtB4_3vnd5testss_46test_neighborhood_flip_expired_deadline_breaks0EB4_
FN:22,_RINvNtCs4amdhsVFeSZ_4givp7helpers13safe_evaluateNCNvNtNtB4_3vnd5testss_46test_neighborhood_swap_expired_deadline_breaks0EB4_
FN:22,_RINvNtCs4amdhsVFeSZ_4givp7helpers13safe_evaluateNCNvNtNtB4_3vnd5testss_51test_neighborhood_multiflip_expired_deadline_breaks0EB4_
FN:22,_RINvNtCs4amdhsVFeSZ_4givp7helpers13safe_evaluateNCNvNtNtB4_5grasp5testss_54test_construct_grasp_expired_deadline_breaks_fill_loop0EB4_
FN:22,_RINvNtCs4amdhsVFeSZ_4givp7helpers13safe_evaluateNCNvNtNtB4_5grasp5testss_60test_construct_grasp_parallel_fallback_when_pool_build_fails0EB4_
FN:22,_RINvNtCs4amdhsVFeSZ_4givp7helpers13safe_evaluateNCNvNtNtB4_9impl_core5testss_47test_do_path_relinking_expired_deadline_returns0EB4_
FN:26,_RNCINvNtCs4amdhsVFeSZ_4givp7helpers13safe_evaluateNCINvNtB6_9impl_core3runNCNvNtBR_5testss_35test_run_with_invalid_config_errors0E0E0B6_
FN:26,_RNCINvNtCs4amdhsVFeSZ_4givp7helpers13safe_evaluateNCINvNtB6_9impl_core3runNCNvNtNtB6_10experiment5testss_21test_seed_sweep_basic0E0E0B6_
FN:26,_RNCINvNtCs4amdhsVFeSZ_4givp7helpers13safe_evaluateNCINvNtB6_9impl_core3runNCNvNtNtB6_10experiment5testss_29test_seed_sweep_deterministic0E0E0B6_
FN:26,_RNCINvNtCs4amdhsVFeSZ_4givp7helpers13safe_evaluateNCNvNtNtB6_2pr5testss_23test_backward_path_wins0E0B6_
FN:26,_RNCINvNtCs4amdhsVFeSZ_4givp7helpers13safe_evaluateNCNvNtNtB6_2pr5testss_39test_expired_deadline_breaks_inner_loop0E0B6_
FN:26,_RNCINvNtCs4amdhsVFeSZ_4givp7helpers13safe_evaluateNCNvNtNtB6_2pr5testss_44test_identical_solutions_returns_immediately0E0B6_
FN:26,_RNCINvNtCs4amdhsVFeSZ_4givp7helpers13safe_evaluateNCNvNtNtB6_3vnd5testss_45test_local_search_vnd_expired_deadline_breaks0E0B6_
FN:26,_RNCINvNtCs4amdhsVFeSZ_4givp7helpers13safe_evaluateNCNvNtNtB6_3vnd5testss_46test_neighborhood_flip_expired_deadline_breaks0E0B6_
FN:26,_RNCINvNtCs4amdhsVFeSZ_4givp7helpers13safe_evaluateNCNvNtNtB6_3vnd5testss_46test_neighborhood_swap_expired_deadline_breaks0E0B6_
FN:26,_RNCINvNtCs4amdhsVFeSZ_4givp7helpers13safe_evaluateNCNvNtNtB6_3vnd5testss_51test_neighborhood_multiflip_expired_deadline_breaks0E0B6_
FN:26,_RNCINvNtCs4amdhsVFeSZ_4givp7helpers13safe_evaluateNCNvNtNtB6_5grasp5testss_54test_construct_grasp_expired_deadline_breaks_fill_loop0E0B6_
FN:26,_RNCINvNtCs4amdhsVFeSZ_4givp7helpers13safe_evaluateNCNvNtNtB6_5grasp5testss_60test_construct_grasp_parallel_fallback_when_pool_build_fails0E0B6_
FN:26,_RNCINvNtCs4amdhsVFeSZ_4givp7helpers13safe_evaluateNCNvNtNtB6_9impl_core5testss_47test_do_path_relinking_expired_deadline_returns0E0B6_
FN:50,_RNvNtCs4amdhsVFeSZ_4givp7helpers22normalize_integer_tail
FN:57,_RNvNtCs4amdhsVFeSZ_4givp7helpers5clamp
FN:14,_RNvNtCs4amdhsVFeSZ_4givp7helpers7expired
FN:34,_RNvNtCs4amdhsVFeSZ_4givp7helpers7new_rng
FN:9,_RNvNtCs4amdhsVFeSZ_4givp7helpers8get_half
FN:43,_RNvNtCs4amdhsVFeSZ_4givp7helpers9child_rng
FN:22,_RINvNtCsccrOw7hymcd_4givp7helpers13safe_evaluateNCINvNtB4_9impl_core3runFG_RL0_SdEdE0ECscWfKaIeQ5sk_4givp
FN:26,_RNCINvNtCsccrOw7hymcd_4givp7helpers13safe_evaluateNCINvNtB6_9impl_core3runFG_RL0_SdEdE0E0CscWfKaIeQ5sk_4givp
FN:22,_RINvNtCsccrOw7hymcd_4givp7helpers13safe_evaluateNCINvNtB4_9impl_core3runNCNvNtCs4Xm0UMb7tZ8_9test_givp5testss_13test_maximize0E0EB1e_
FN:22,_RINvNtCsccrOw7hymcd_4givp7helpers13safe_evaluateNCINvNtB4_9impl_core3runNCNvNtCs4Xm0UMb7tZ8_9test_givp5testss_21test_seed_sweep_basic0E0EB1e_
FN:22,_RINvNtCsccrOw7hymcd_4givp7helpers13safe_evaluateNCINvNtB4_9impl_core3runNCNvNtCs4Xm0UMb7tZ8_9test_givp5testss_24test_panicking_objective0E0EB1e_
FN:22,_RINvNtCsccrOw7hymcd_4givp7helpers13safe_evaluateNCINvNtB4_9impl_core3runNCNvNtCs4Xm0UMb7tZ8_9test_givp5testss_29test_seed_sweep_deterministic0E0EB1e_
FN:22,_RINvNtCsccrOw7hymcd_4givp7helpers13safe_evaluateNCINvNtB4_9impl_core3runNCNvNtCs4Xm0UMb7tZ8_9test_givp5testss_31test_seed_sweep_with_rosenbrock0E0EB1e_
FN:22,_RINvNtCsccrOw7hymcd_4givp7helpers13safe_evaluateNCINvNtB4_9impl_core3runNvNtCs4Xm0UMb7tZ8_9test_givp5tests10rosenbrockE0EB1c_
FN:22,_RINvNtCsccrOw7hymcd_4givp7helpers13safe_evaluateNCINvNtB4_9impl_core3runNvNtCs4Xm0UMb7tZ8_9test_givp5tests6sphereE0EB1c_
FN:26,_RNCINvNtCsccrOw7hymcd_4givp7helpers13safe_evaluateNCINvNtB6_9impl_core3runNCNvNtCs4Xm0UMb7tZ8_9test_givp5testss_13test_maximize0E0E0B1g_
FN:26,_RNCINvNtCsccrOw7hymcd_4givp7helpers13safe_evaluateNCINvNtB6_9impl_core3runNCNvNtCs4Xm0UMb7tZ8_9test_givp5testss_21test_seed_sweep_basic0E0E0B1g_
FN:26,_RNCINvNtCsccrOw7hymcd_4givp7helpers13safe_evaluateNCINvNtB6_9impl_core3runNCNvNtCs4Xm0UMb7tZ8_9test_givp5testss_24test_panicking_objective0E0E0B1g_
FN:26,_RNCINvNtCsccrOw7hymcd_4givp7helpers13safe_evaluateNCINvNtB6_9impl_core3runNCNvNtCs4Xm0UMb7tZ8_9test_givp5testss_29test_seed_sweep_deterministic0E0E0B1g_
FN:26,_RNCINvNtCsccrOw7hymcd_4givp7helpers13safe_evaluateNCINvNtB6_9impl_core3runNCNvNtCs4Xm0UMb7tZ8_9test_givp5testss_31test_seed_sweep_with_rosenbrock0E0E0B1g_
FN:26,_RNCINvNtCsccrOw7hymcd_4givp7helpers13safe_evaluateNCINvNtB6_9impl_core3runNvNtCs4Xm0UMb7tZ8_9test_givp5tests10rosenbrockE0E0B1e_
FN:26,_RNCINvNtCsccrOw7hymcd_4givp7helpers13safe_evaluateNCINvNtB6_9impl_core3runNvNtCs4Xm0UMb7tZ8_9test_givp5tests6sphereE0E0B1e_
FNDA:492954,_RINvNtCsccrOw7hymcd_4givp7helpers13safe_evaluateNCINvNtB4_9impl_core3runFG_RL0_SdEdE0ECsh7Z5OsR1Cxj_4givp
FNDA:492954,_RNCINvNtCsccrOw7hymcd_4givp7helpers13safe_evaluateNCINvNtB6_9impl_core3runFG_RL0_SdEdE0E0Csh7Z5OsR1Cxj_4givp
FNDA:2747692,_RNvNtCsccrOw7hymcd_4givp7helpers22normalize_integer_tail
FNDA:7252168,_RNvNtCsccrOw7hymcd_4givp7helpers5clamp
FNDA:4901279,_RNvNtCsccrOw7hymcd_4givp7helpers7expired
FNDA:364,_RNvNtCsccrOw7hymcd_4givp7helpers7new_rng
FNDA:364,_RNvNtCsccrOw7hymcd_4givp7helpers8get_half
FNDA:3216,_RNvNtCsccrOw7hymcd_4givp7helpers9child_rng
FNDA:0,_RINvNtCs4amdhsVFeSZ_4givp7helpers13safe_evaluateNCINvNtB4_9impl_core3runNCNvNtBP_5testss_35test_run_with_invalid_config_errors0E0EB4_
FNDA:77061,_RINvNtCs4amdhsVFeSZ_4givp7helpers13safe_evaluateNCINvNtB4_9impl_core3runNCNvNtNtB4_10experiment5testss_21test_seed_sweep_basic0E0EB4_
FNDA:34714,_RINvNtCs4amdhsVFeSZ_4givp7helpers13safe_evaluateNCINvNtB4_9impl_core3runNCNvNtNtB4_10experiment5testss_29test_seed_sweep_deterministic0E0EB4_
FNDA:14,_RINvNtCs4amdhsVFeSZ_4givp7helpers13safe_evaluateNCNvNtNtB4_2pr5testss_23test_backward_path_wins0EB4_
FNDA:2,_RINvNtCs4amdhsVFeSZ_4givp7helpers13safe_evaluateNCNvNtNtB4_2pr5testss_39test_expired_deadline_breaks_inner_loop0EB4_
FNDA:1,_RINvNtCs4amdhsVFeSZ_4givp7helpers13safe_evaluateNCNvNtNtB4_2pr5testss_44test_identical_solutions_returns_immediately0EB4_
FNDA:0,_RINvNtCs4amdhsVFeSZ_4givp7helpers13safe_evaluateNCNvNtNtB4_3vnd5testss_45test_local_search_vnd_expired_deadline_breaks0EB4_
FNDA:0,_RINvNtCs4amdhsVFeSZ_4givp7helpers13safe_evaluateNCNvNtNtB4_3vnd5testss_46test_neighborhood_flip_expired_deadline_breaks0EB4_
FNDA:0,_RINvNtCs4amdhsVFeSZ_4givp7helpers13safe_evaluateNCNvNtNtB4_3vnd5testss_46test_neighborhood_swap_expired_deadline_breaks0EB4_
FNDA:0,_RINvNtCs4amdhsVFeSZ_4givp7helpers13safe_evaluateNCNvNtNtB4_3vnd5testss_51test_neighborhood_multiflip_expired_deadline_breaks0EB4_
FNDA:1,_RINvNtCs4amdhsVFeSZ_4givp7helpers13safe_evaluateNCNvNtNtB4_5grasp5testss_54test_construct_grasp_expired_deadline_breaks_fill_loop0EB4_
FNDA:8,_RINvNtCs4amdhsVFeSZ_4givp7helpers13safe_evaluateNCNvNtNtB4_5grasp5testss_60test_construct_grasp_parallel_fallback_when_pool_build_fails0EB4_
FNDA:0,_RINvNtCs4amdhsVFeSZ_4givp7helpers13safe_evaluateNCNvNtNtB4_9impl_core5testss_47test_do_path_relinking_expired_deadline_returns0EB4_
FNDA:0,_RNCINvNtCs4amdhsVFeSZ_4givp7helpers13safe_evaluateNCINvNtB6_9impl_core3runNCNvNtBR_5testss_35test_run_with_invalid_config_errors0E0E0B6_
FNDA:77061,_RNCINvNtCs4amdhsVFeSZ_4givp7helpers13safe_evaluateNCINvNtB6_9impl_core3runNCNvNtNtB6_10experiment5testss_21test_seed_sweep_basic0E0E0B6_
FNDA:34714,_RNCINvNtCs4amdhsVFeSZ_4givp7helpers13safe_evaluateNCINvNtB6_9impl_core3runNCNvNtNtB6_10experiment5testss_29test_seed_sweep_deterministic0E0E0B6_
FNDA:14,_RNCINvNtCs4amdhsVFeSZ_4givp7helpers13safe_evaluateNCNvNtNtB6_2pr5testss_23test_backward_path_wins0E0B6_
FNDA:2,_RNCINvNtCs4amdhsVFeSZ_4givp7helpers13safe_evaluateNCNvNtNtB6_2pr5testss_39test_expired_deadline_breaks_inner_loop0E0B6_
FNDA:1,_RNCINvNtCs4amdhsVFeSZ_4givp7helpers13safe_evaluateNCNvNtNtB6_2pr5testss_44test_identical_solutions_returns_immediately0E0B6_
FNDA:0,_RNCINvNtCs4amdhsVFeSZ_4givp7helpers13safe_evaluateNCNvNtNtB6_3vnd5testss_45test_local_search_vnd_expired_deadline_breaks0E0B6_
FNDA:0,_RNCINvNtCs4amdhsVFeSZ_4givp7helpers13safe_evaluateNCNvNtNtB6_3vnd5testss_46test_neighborhood_flip_expired_deadline_breaks0E0B6_
FNDA:0,_RNCINvNtCs4amdhsVFeSZ_4givp7helpers13safe_evaluateNCNvNtNtB6_3vnd5testss_46test_neighborhood_swap_expired_deadline_breaks0E0B6_
FNDA:0,_RNCINvNtCs4amdhsVFeSZ_4givp7helpers13safe_evaluateNCNvNtNtB6_3vnd5testss_51test_neighborhood_multiflip_expired_deadline_breaks0E0B6_
FNDA:1,_RNCINvNtCs4amdhsVFeSZ_4givp7helpers13safe_evaluateNCNvNtNtB6_5grasp5testss_54test_construct_grasp_expired_deadline_breaks_fill_loop0E0B6_
FNDA:8,_RNCINvNtCs4amdhsVFeSZ_4givp7helpers13safe_evaluateNCNvNtNtB6_5grasp5testss_60test_construct_grasp_parallel_fallback_when_pool_build_fails0E0B6_
FNDA:0,_RNCINvNtCs4amdhsVFeSZ_4givp7helpers13safe_evaluateNCNvNtNtB6_9impl_core5testss_47test_do_path_relinking_expired_deadline_returns0E0B6_
FNDA:72791,_RNvNtCs4amdhsVFeSZ_4givp7helpers22normalize_integer_tail
FNDA:213674,_RNvNtCs4amdhsVFeSZ_4givp7helpers5clamp
FNDA:135019,_RNvNtCs4amdhsVFeSZ_4givp7helpers7expired
FNDA:11,_RNvNtCs4amdhsVFeSZ_4givp7helpers7new_rng
FNDA:11,_RNvNtCs4amdhsVFeSZ_4givp7helpers8get_half
FNDA:115,_RNvNtCs4amdhsVFeSZ_4givp7helpers9child_rng
FNDA:467000,_RINvNtCsccrOw7hymcd_4givp7helpers13safe_evaluateNCINvNtB4_9impl_core3runFG_RL0_SdEdE0ECscWfKaIeQ5sk_4givp
FNDA:467000,_RNCINvNtCsccrOw7hymcd_4givp7helpers13safe_evaluateNCINvNtB6_9impl_core3runFG_RL0_SdEdE0E0CscWfKaIeQ5sk_4givp
FNDA:27616,_RINvNtCsccrOw7hymcd_4givp7helpers13safe_evaluateNCINvNtB4_9impl_core3runNCNvNtCs4Xm0UMb7tZ8_9test_givp5testss_13test_maximize0E0EB1e_
FNDA:77061,_RINvNtCsccrOw7hymcd_4givp7helpers13safe_evaluateNCINvNtB4_9impl_core3runNCNvNtCs4Xm0UMb7tZ8_9test_givp5testss_21test_seed_sweep_basic0E0EB1e_
FNDA:5037,_RINvNtCsccrOw7hymcd_4givp7helpers13safe_evaluateNCINvNtB4_9impl_core3runNCNvNtCs4Xm0UMb7tZ8_9test_givp5testss_24test_panicking_objective0E0EB1e_
FNDA:34714,_RINvNtCsccrOw7hymcd_4givp7helpers13safe_evaluateNCINvNtB4_9impl_core3runNCNvNtCs4Xm0UMb7tZ8_9test_givp5testss_29test_seed_sweep_deterministic0E0EB1e_
FNDA:61539,_RINvNtCsccrOw7hymcd_4givp7helpers13safe_evaluateNCINvNtB4_9impl_core3runNCNvNtCs4Xm0UMb7tZ8_9test_givp5testss_31test_seed_sweep_with_rosenbrock0E0EB1e_
FNDA:70129,_RINvNtCsccrOw7hymcd_4givp7helpers13safe_evaluateNCINvNtB4_9impl_core3runNvNtCs4Xm0UMb7tZ8_9test_givp5tests10rosenbrockE0EB1c_
FNDA:2785660,_RINvNtCsccrOw7hymcd_4givp7helpers13safe_evaluateNCINvNtB4_9impl_core3runNvNtCs4Xm0UMb7tZ8_9test_givp5tests6sphereE0EB1c_
FNDA:27616,_RNCINvNtCsccrOw7hymcd_4givp7helpers13safe_evaluateNCINvNtB6_9impl_core3runNCNvNtCs4Xm0UMb7tZ8_9test_givp5testss_13test_maximize0E0E0B1g_
FNDA:77061,_RNCINvNtCsccrOw7hymcd_4givp7helpers13safe_evaluateNCINvNtB6_9impl_core3runNCNvNtCs4Xm0UMb7tZ8_9test_givp5testss_21test_seed_sweep_basic0E0E0B1g_
FNDA:5037,_RNCINvNtCsccrOw7hymcd_4givp7helpers13safe_evaluateNCINvNtB6_9impl_core3runNCNvNtCs4Xm0UMb7tZ8_9test_givp5testss_24test_panicking_objective0E0E0B1g_
FNDA:34714,_RNCINvNtCsccrOw7hymcd_4givp7helpers13safe_evaluateNCINvNtB6_9impl_core3runNCNvNtCs4Xm0UMb7tZ8_9test_givp5testss_29test_seed_sweep_deterministic0E0E0B1g_
FNDA:61539,_RNCINvNtCsccrOw7hymcd_4givp7helpers13safe_evaluateNCINvNtB6_9impl_core3runNCNvNtCs4Xm0UMb7tZ8_9test_givp5testss_31test_seed_sweep_with_rosenbrock0E0E0B1g_
FNDA:70129,_RNCINvNtCsccrOw7hymcd_4givp7helpers13safe_evaluateNCINvNtB6_9impl_core3runNvNtCs4Xm0UMb7tZ8_9test_givp5tests10rosenbrockE0E0B1e_
FNDA:2785660,_RNCINvNtCsccrOw7hymcd_4givp7helpers13safe_evaluateNCINvNtB6_9impl_core3runNvNtCs4Xm0UMb7tZ8_9test_givp5tests6sphereE0E0B1e_
FNF:8
FNH:8
DA:9,375
DA:10,375
DA:11,375
DA:14,5036298
DA:15,5036298
DA:16,65018
DA:17,4971280
DA:19,5036298
DA:22,4133511
DA:23,4133511
DA:24,4133511
DA:26,4133511
DA:27,4128474
DA:28,4128474
DA:29,5037
DA:31,4133511
DA:34,375
DA:36,375
DA:37,374
DA:38,1
DA:40,375
DA:43,3331
DA:45,3331
DA:46,3331
DA:47,3331
DA:50,2820483
DA:51,2820483
DA:52,149244
DA:53,149244
DA:54,2820483
DA:57,7465842
DA:58,7465842
DA:59,7465842
BRF:0
BRH:0
LF:34
LH:33
end_of_record
SF:D:\Projetos Pessoais\grasp_ils_vnd_pr\rust\src\ils.rs
FN:48,_RINvNtCsccrOw7hymcd_4givp3ils10ils_searchNCINvNtB4_9impl_core3runFG_RL0_SdEdE0ECsh7Z5OsR1Cxj_4givp
FN:12,_RNvNtCsccrOw7hymcd_4givp3ils16perturb_solution
FN:12,_RNvNtCs4amdhsVFeSZ_4givp3ils16perturb_solution
FN:48,_RINvNtCs4amdhsVFeSZ_4givp3ils10ils_searchNCINvNtB4_9impl_core3runNCNvNtBI_5testss_35test_run_with_invalid_config_errors0E0EB4_
FN:48,_RINvNtCs4amdhsVFeSZ_4givp3ils10ils_searchNCINvNtB4_9impl_core3runNCNvNtNtB4_10experiment5testss_21test_seed_sweep_basic0E0EB4_
FN:48,_RINvNtCs4amdhsVFeSZ_4givp3ils10ils_searchNCINvNtB4_9impl_core3runNCNvNtNtB4_10experiment5testss_29test_seed_sweep_deterministic0E0EB4_
FN:48,_RINvNtCsccrOw7hymcd_4givp3ils10ils_searchNCINvNtB4_9impl_core3runFG_RL0_SdEdE0ECscWfKaIeQ5sk_4givp
FN:48,_RINvNtCsccrOw7hymcd_4givp3ils10ils_searchNCINvNtB4_9impl_core3runNCNvNtCs4Xm0UMb7tZ8_9test_givp5testss_13test_maximize0E0EB17_
FN:48,_RINvNtCsccrOw7hymcd_4givp3ils10ils_searchNCINvNtB4_9impl_core3runNCNvNtCs4Xm0UMb7tZ8_9test_givp5testss_21test_seed_sweep_basic0E0EB17_
FN:48,_RINvNtCsccrOw7hymcd_4givp3ils10ils_searchNCINvNtB4_9impl_core3runNCNvNtCs4Xm0UMb7tZ8_9test_givp5testss_24test_panicking_objective0E0EB17_
FN:48,_RINvNtCsccrOw7hymcd_4givp3ils10ils_searchNCINvNtB4_9impl_core3runNCNvNtCs4Xm0UMb7tZ8_9test_givp5testss_29test_seed_sweep_deterministic0E0EB17_
FN:48,_RINvNtCsccrOw7hymcd_4givp3ils10ils_searchNCINvNtB4_9impl_core3runNCNvNtCs4Xm0UMb7tZ8_9test_givp5testss_31test_seed_sweep_with_rosenbrock0E0EB17_
FN:48,_RINvNtCsccrOw7hymcd_4givp3ils10ils_searchNCINvNtB4_9impl_core3runNvNtCs4Xm0UMb7tZ8_9test_givp5tests10rosenbrockE0EB15_
FN:48,_RINvNtCsccrOw7hymcd_4givp3ils10ils_searchNCINvNtB4_9impl_core3runNvNtCs4Xm0UMb7tZ8_9test_givp5tests6sphereE0EB15_
FNDA:103,_RINvNtCsccrOw7hymcd_4givp3ils10ils_searchNCINvNtB4_9impl_core3runFG_RL0_SdEdE0ECsh7Z5OsR1Cxj_4givp
FNDA:27576,_RNvNtCsccrOw7hymcd_4givp3ils16perturb_solution
FNDA:1000,_RNvNtCs4amdhsVFeSZ_4givp3ils16perturb_solution
FNDA:0,_RINvNtCs4amdhsVFeSZ_4givp3ils10ils_searchNCINvNtB4_9impl_core3runNCNvNtBI_5testss_35test_run_with_invalid_config_errors0E0EB4_
FNDA:62,_RINvNtCs4amdhsVFeSZ_4givp3ils10ils_searchNCINvNtB4_9impl_core3runNCNvNtNtB4_10experiment5testss_21test_seed_sweep_basic0E0EB4_
FNDA:38,_RINvNtCs4amdhsVFeSZ_4givp3ils10ils_searchNCINvNtB4_9impl_core3runNCNvNtNtB4_10experiment5testss_29test_seed_sweep_deterministic0E0EB4_
FNDA:104,_RINvNtCsccrOw7hymcd_4givp3ils10ils_searchNCINvNtB4_9impl_core3runFG_RL0_SdEdE0ECscWfKaIeQ5sk_4givp
FNDA:22,_RINvNtCsccrOw7hymcd_4givp3ils10ils_searchNCINvNtB4_9impl_core3runNCNvNtCs4Xm0UMb7tZ8_9test_givp5testss_13test_maximize0E0EB17_
FNDA:62,_RINvNtCsccrOw7hymcd_4givp3ils10ils_searchNCINvNtB4_9impl_core3runNCNvNtCs4Xm0UMb7tZ8_9test_givp5testss_21test_seed_sweep_basic0E0EB17_
FNDA:7,_RINvNtCsccrOw7hymcd_4givp3ils10ils_searchNCINvNtB4_9impl_core3runNCNvNtCs4Xm0UMb7tZ8_9test_givp5testss_24test_panicking_objective0E0EB17_
FNDA:38,_RINvNtCsccrOw7hymcd_4givp3ils10ils_searchNCINvNtB4_9impl_core3runNCNvNtCs4Xm0UMb7tZ8_9test_givp5testss_29test_seed_sweep_deterministic0E0EB17_
FNDA:69,_RINvNtCsccrOw7hymcd_4givp3ils10ils_searchNCINvNtB4_9impl_core3runNCNvNtCs4Xm0UMb7tZ8_9test_givp5testss_31test_seed_sweep_with_rosenbrock0E0EB17_
FNDA:52,_RINvNtCsccrOw7hymcd_4givp3ils10ils_searchNCINvNtB4_9impl_core3runNvNtCs4Xm0UMb7tZ8_9test_givp5tests10rosenbrockE0EB15_
FNDA:2301,_RINvNtCsccrOw7hymcd_4givp3ils10ils_searchNCINvNtB4_9impl_core3runNvNtCs4Xm0UMb7tZ8_9test_givp5tests6sphereE0EB15_
FNF:2
FNH:2
DA:12,28576
DA:13,28576
DA:14,28576
DA:15,28576
DA:16,28576
DA:17,28576
DA:18,28576
DA:19,28576
DA:20,28576
DA:21,28576
DA:22,28576
DA:24,28576
DA:25,30688
DA:26,30688
DA:27,30688
DA:28,30688
DA:30,30688
DA:31,30688
DA:32,497
DA:33,497
DA:34,497
DA:35,30191
DA:36,30191
DA:37,30191
DA:38,30191
DA:39,30191
DA:42,28576
DA:43,28576
DA:44,28576
DA:48,2858
DA:49,2858
DA:50,2858
DA:51,2858
DA:52,2858
DA:53,2858
DA:54,2858
DA:55,2858
DA:56,2858
DA:57,2858
DA:58,2858
DA:59,2858
DA:60,2858
DA:61,2858
DA:62,2858
DA:63,2858
DA:65,2858
DA:66,2858
DA:68,28577
DA:69,28577
DA:70,1
DA:71,28576
DA:74,28576
DA:75,28576
DA:76,28576
DA:78,28576
DA:79,28576
DA:80,28576
DA:82,28576
DA:83,28576
DA:84,28576
DA:85,28576
DA:86,28576
DA:87,28576
DA:88,28576
DA:89,28576
DA:90,28576
DA:91,28576
DA:92,28576
DA:95,28576
DA:96,6487
DA:97,6487
DA:98,22089
DA:99,152
DA:100,152
DA:101,152
DA:102,21937
DA:105,2858
DA:106,2858
DA:107,2858
BRF:0
BRH:0
LF:79
LH:79
end_of_record
SF:D:\Projetos Pessoais\grasp_ils_vnd_pr\rust\src\impl_core.rs
FN:409,_RINvNtCsccrOw7hymcd_4givp9impl_core17do_path_relinkingNCINvB2_3runFG_RL0_SdEdE0ECsh7Z5OsR1Cxj_4givp
FN:321,_RINvNtCsccrOw7hymcd_4givp9impl_core17execute_iterationNCINvB2_3runFG_RL0_SdEdE0ECsh7Z5OsR1Cxj_4givp
FN:98,_RINvNtCsccrOw7hymcd_4givp9impl_core24initialize_best_solutionNCINvB2_3runFG_RL0_SdEdE0ECsh7Z5OsR1Cxj_4givp
FN:137,_RINvNtCsccrOw7hymcd_4givp9impl_core27build_and_improve_candidateNCINvB2_3runFG_RL0_SdEdE0ECsh7Z5OsR1Cxj_4givp
FN:250,_RINvNtCsccrOw7hymcd_4givp9impl_core29maybe_restart_from_stagnationNCINvB2_3runFG_RL0_SdEdE0ECsh7Z5OsR1Cxj_4givp
FN:459,_RINvNtCsccrOw7hymcd_4givp9impl_core3runFG_RL0_SdEdECsh7Z5OsR1Cxj_4givp
FN:400,_RNCINvNtCsccrOw7hymcd_4givp9impl_core17execute_iterationNCINvB4_3runFG_RL0_SdEdE0E0Csh7Z5OsR1Cxj_4givp
FN:472,_RNCINvNtCsccrOw7hymcd_4givp9impl_core3runFG_RL0_SdEdE0Csh7Z5OsR1Cxj_4givp
FN:73,_RNvNtCsccrOw7hymcd_4givp9impl_core11build_cache
FN:205,_RNvNtCsccrOw7hymcd_4givp9impl_core11update_best
FN:89,_RNvNtCsccrOw7hymcd_4givp9impl_core14build_deadline
FN:19,_RNvNtCsccrOw7hymcd_4givp9impl_core15validate_bounds
FN:242,_RNvNtCsccrOw7hymcd_4givp9impl_core18should_path_relink
FN:39,_RNvNtCsccrOw7hymcd_4givp9impl_core21validate_single_bound
FN:53,_RNvNtCsccrOw7hymcd_4givp9impl_core22validate_initial_guess
FN:219,_RNvNtCsccrOw7hymcd_4givp9impl_core24update_convergence_state
FN:81,_RNvNtCsccrOw7hymcd_4givp9impl_core25build_convergence_monitor
FN:558,_RNvNtNtCs4amdhsVFeSZ_4givp9impl_core5testss_35test_run_with_invalid_config_errors
FN:569,_RNvNtNtCs4amdhsVFeSZ_4givp9impl_core5testss_47test_do_path_relinking_expired_deadline_returns
FN:598,_RNvNtNtCs4amdhsVFeSZ_4givp9impl_core5testss_65test_update_convergence_state_restart_clears_cache_and_stagnation
FN:571,_RNCNCNvNtNtCs4amdhsVFeSZ_4givp9impl_core5testss_47test_do_path_relinking_expired_deadline_returns00B9_
FN:560,_RNCNvNtNtCs4amdhsVFeSZ_4givp9impl_core5testss_35test_run_with_invalid_config_errors0B7_
FN:571,_RNCNvNtNtCs4amdhsVFeSZ_4givp9impl_core5testss_47test_do_path_relinking_expired_deadline_returns0B7_
FN:630,_RNCNvNtNtCs4amdhsVFeSZ_4givp9impl_core5testss_65test_update_convergence_state_restart_clears_cache_and_stagnation0B7_
FN:409,_RINvNtCs4amdhsVFeSZ_4givp9impl_core17do_path_relinkingNCINvB2_3runNCNvNtB2_5testss_35test_run_with_invalid_config_errors0E0EB4_
FN:409,_RINvNtCs4amdhsVFeSZ_4givp9impl_core17do_path_relinkingNCINvB2_3runNCNvNtNtB4_10experiment5testss_21test_seed_sweep_basic0E0EB4_
FN:409,_RINvNtCs4amdhsVFeSZ_4givp9impl_core17do_path_relinkingNCINvB2_3runNCNvNtNtB4_10experiment5testss_29test_seed_sweep_deterministic0E0EB4_
FN:409,_RINvNtCs4amdhsVFeSZ_4givp9impl_core17do_path_relinkingNCNvNtB2_5testss_47test_do_path_relinking_expired_deadline_returns0EB4_
FN:321,_RINvNtCs4amdhsVFeSZ_4givp9impl_core17execute_iterationNCINvB2_3runNCNvNtB2_5testss_35test_run_with_invalid_config_errors0E0EB4_
FN:321,_RINvNtCs4amdhsVFeSZ_4givp9impl_core17execute_iterationNCINvB2_3runNCNvNtNtB4_10experiment5testss_21test_seed_sweep_basic0E0EB4_
FN:321,_RINvNtCs4amdhsVFeSZ_4givp9impl_core17execute_iterationNCINvB2_3runNCNvNtNtB4_10experiment5testss_29test_seed_sweep_deterministic0E0EB4_
FN:98,_RINvNtCs4amdhsVFeSZ_4givp9impl_core24initialize_best_solutionNCINvB2_3runNCNvNtB2_5testss_35test_run_with_invalid_config_errors0E0EB4_
FN:98,_RINvNtCs4amdhsVFeSZ_4givp9impl_core24initialize_best_solutionNCINvB2_3runNCNvNtNtB4_10experiment5testss_21test_seed_sweep_basic0E0EB4_
FN:98,_RINvNtCs4amdhsVFeSZ_4givp9impl_core24initialize_best_solutionNCINvB2_3runNCNvNtNtB4_10experiment5testss_29test_seed_sweep_deterministic0E0EB4_
FN:137,_RINvNtCs4amdhsVFeSZ_4givp9impl_core27build_and_improve_candidateNCINvB2_3runNCNvNtB2_5testss_35test_run_with_invalid_config_errors0E0EB4_
FN:137,_RINvNtCs4amdhsVFeSZ_4givp9impl_core27build_and_improve_candidateNCINvB2_3runNCNvNtNtB4_10experiment5testss_21test_seed_sweep_basic0E0EB4_
FN:137,_RINvNtCs4amdhsVFeSZ_4givp9impl_core27build_and_improve_candidateNCINvB2_3runNCNvNtNtB4_10experiment5testss_29test_seed_sweep_deterministic0E0EB4_
FN:250,_RINvNtCs4amdhsVFeSZ_4givp9impl_core29maybe_restart_from_stagnationNCINvB2_3runNCNvNtB2_5testss_35test_run_with_invalid_config_errors0E0EB4_
FN:250,_RINvNtCs4amdhsVFeSZ_4givp9impl_core29maybe_restart_from_stagnationNCINvB2_3runNCNvNtNtB4_10experiment5testss_21test_seed_sweep_basic0E0EB4_
FN:250,_RINvNtCs4amdhsVFeSZ_4givp9impl_core29maybe_restart_from_stagnationNCINvB2_3runNCNvNtNtB4_10experiment5testss_29test_seed_sweep_deterministic0E0EB4_
FN:459,_RINvNtCs4amdhsVFeSZ_4givp9impl_core3runNCNvNtB2_5testss_35test_run_with_invalid_config_errors0EB4_
FN:459,_RINvNtCs4amdhsVFeSZ_4givp9impl_core3runNCNvNtNtB4_10experiment5testss_21test_seed_sweep_basic0EB4_
FN:459,_RINvNtCs4amdhsVFeSZ_4givp9impl_core3runNCNvNtNtB4_10experiment5testss_29test_seed_sweep_deterministic0EB4_
FN:400,_RNCINvNtCs4amdhsVFeSZ_4givp9impl_core17execute_iterationNCINvB4_3runNCNvNtB4_5testss_35test_run_with_invalid_config_errors0E0E0B6_
FN:400,_RNCINvNtCs4amdhsVFeSZ_4givp9impl_core17execute_iterationNCINvB4_3runNCNvNtNtB6_10experiment5testss_21test_seed_sweep_basic0E0E0B6_
FN:400,_RNCINvNtCs4amdhsVFeSZ_4givp9impl_core17execute_iterationNCINvB4_3runNCNvNtNtB6_10experiment5testss_29test_seed_sweep_deterministic0E0E0B6_
FN:472,_RNCINvNtCs4amdhsVFeSZ_4givp9impl_core3runNCNvNtB4_5testss_35test_run_with_invalid_config_errors0E0B6_
FN:472,_RNCINvNtCs4amdhsVFeSZ_4givp9impl_core3runNCNvNtNtB6_10experiment5testss_21test_seed_sweep_basic0E0B6_
FN:472,_RNCINvNtCs4amdhsVFeSZ_4givp9impl_core3runNCNvNtNtB6_10experiment5testss_29test_seed_sweep_deterministic0E0B6_
[...]
FNDA:0,_RINvNtCsccrOw7hymcd_4givp3vnd17try_integer_movesNCINvNtB4_9impl_core3runFG_RL0_SdEdE0ECsh7Z5OsR1Cxj_4givp
FNDA:147973,_RINvNtCsccrOw7hymcd_4givp3vnd19try_continuous_moveNCINvNtB4_9impl_core3runFG_RL0_SdEdE0ECsh7Z5OsR1Cxj_4givp
FNDA:1129,_RINvNtCsccrOw7hymcd_4givp3vnd22neighborhood_multiflipNCINvNtB4_9impl_core3runFG_RL0_SdEdE0ECsh7Z5OsR1Cxj_4givp
FNDA:294493,_RNCINvNtCsccrOw7hymcd_4givp3vnd17neighborhood_flipNCINvNtB6_9impl_core3runFG_RL0_SdEdE0E0Csh7Z5OsR1Cxj_4givp
FNDA:5699394,_RNvNtCsccrOw7hymcd_4givp3vnd13perturb_index
FNDA:1,_RNvNtNtCs4amdhsVFeSZ_4givp3vnd5testss_45test_local_search_vnd_expired_deadline_breaks
FNDA:1,_RNvNtNtCs4amdhsVFeSZ_4givp3vnd5testss_46test_neighborhood_flip_expired_deadline_breaks
FNDA:1,_RNvNtNtCs4amdhsVFeSZ_4givp3vnd5testss_46test_neighborhood_swap_expired_deadline_breaks
FNDA:1,_RNvNtNtCs4amdhsVFeSZ_4givp3vnd5testss_51test_neighborhood_multiflip_expired_deadline_breaks
FNDA:2,_RNCNCNvNtNtCs4amdhsVFeSZ_4givp3vnd5testss_45test_local_search_vnd_expired_deadline_breaks00B9_
FNDA:2,_RNCNCNvNtNtCs4amdhsVFeSZ_4givp3vnd5testss_46test_neighborhood_flip_expired_deadline_breaks00B9_
FNDA:2,_RNCNCNvNtNtCs4amdhsVFeSZ_4givp3vnd5testss_46test_neighborhood_swap_expired_deadline_breaks00B9_
FNDA:3,_RNCNCNvNtNtCs4amdhsVFeSZ_4givp3vnd5testss_51test_neighborhood_multiflip_expired_deadline_breaks00B9_
FNDA:1,_RNCNvNtNtCs4amdhsVFeSZ_4givp3vnd5testss_45test_local_search_vnd_expired_deadline_breaks0B7_
FNDA:1,_RNCNvNtNtCs4amdhsVFeSZ_4givp3vnd5testss_46test_neighborhood_flip_expired_deadline_breaks0B7_
FNDA:1,_RNCNvNtNtCs4amdhsVFeSZ_4givp3vnd5testss_46test_neighborhood_swap_expired_deadline_breaks0B7_
FNDA:1,_RNCNvNtNtCs4amdhsVFeSZ_4givp3vnd5testss_51test_neighborhood_multiflip_expired_deadline_breaks0B7_
FNDA:173174,_RNvNtCs4amdhsVFeSZ_4givp3vnd13perturb_index
FNDA:0,_RINvNtCs4amdhsVFeSZ_4givp3vnd16local_search_vndNCINvNtB4_9impl_core3runNCNvNtBO_5testss_35test_run_with_invalid_config_errors0E0EB4_
FNDA:686,_RINvNtCs4amdhsVFeSZ_4givp3vnd16local_search_vndNCINvNtB4_9impl_core3runNCNvNtNtB4_10experiment5testss_21test_seed_sweep_basic0E0EB4_
FNDA:418,_RINvNtCs4amdhsVFeSZ_4givp3vnd16local_search_vndNCINvNtB4_9impl_core3runNCNvNtNtB4_10experiment5testss_29test_seed_sweep_deterministic0E0EB4_
FNDA:1,_RINvNtCs4amdhsVFeSZ_4givp3vnd16local_search_vndNCNvNtB2_5testss_45test_local_search_vnd_expired_deadline_breaks0EB4_
FNDA:0,_RINvNtCs4amdhsVFeSZ_4givp3vnd16local_search_vndNCNvNtNtB4_9impl_core5testss_47test_do_path_relinking_expired_deadline_returns0EB4_
FNDA:0,_RINvNtCs4amdhsVFeSZ_4givp3vnd17neighborhood_flipNCINvNtB4_9impl_core3runNCNvNtBP_5testss_35test_run_with_invalid_config_errors0E0EB4_
FNDA:9441,_RINvNtCs4amdhsVFeSZ_4givp3vnd17neighborhood_flipNCINvNtB4_9impl_core3runNCNvNtNtB4_10experiment5testss_21test_seed_sweep_basic0E0EB4_
FNDA:5442,_RINvNtCs4amdhsVFeSZ_4givp3vnd17neighborhood_flipNCINvNtB4_9impl_core3runNCNvNtNtB4_10experiment5testss_29test_seed_sweep_deterministic0E0EB4_
FNDA:0,_RINvNtCs4amdhsVFeSZ_4givp3vnd17neighborhood_flipNCNvNtB2_5testss_45test_local_search_vnd_expired_deadline_breaks0EB4_
FNDA:1,_RINvNtCs4amdhsVFeSZ_4givp3vnd17neighborhood_flipNCNvNtB2_5testss_46test_neighborhood_flip_expired_deadline_breaks0EB4_
FNDA:0,_RINvNtCs4amdhsVFeSZ_4givp3vnd17neighborhood_flipNCNvNtNtB4_9impl_core5testss_47test_do_path_relinking_expired_deadline_returns0EB4_
FNDA:0,_RINvNtCs4amdhsVFeSZ_4givp3vnd17neighborhood_swapNCINvNtB4_9impl_core3runNCNvNtBP_5testss_35test_run_with_invalid_config_errors0E0EB4_
FNDA:6355,_RINvNtCs4amdhsVFeSZ_4givp3vnd17neighborhood_swapNCINvNtB4_9impl_core3runNCNvNtNtB4_10experiment5testss_21test_seed_sweep_basic0E0EB4_
FNDA:3776,_RINvNtCs4amdhsVFeSZ_4givp3vnd17neighborhood_swapNCINvNtB4_9impl_core3runNCNvNtNtB4_10experiment5testss_29test_seed_sweep_deterministic0E0EB4_
FNDA:0,_RINvNtCs4amdhsVFeSZ_4givp3vnd17neighborhood_swapNCNvNtB2_5testss_45test_local_search_vnd_expired_deadline_breaks0EB4_
FNDA:1,_RINvNtCs4amdhsVFeSZ_4givp3vnd17neighborhood_swapNCNvNtB2_5testss_46test_neighborhood_swap_expired_deadline_breaks0EB4_
FNDA:0,_RINvNtCs4amdhsVFeSZ_4givp3vnd17neighborhood_swapNCNvNtNtB4_9impl_core5testss_47test_do_path_relinking_expired_deadline_returns0EB4_
FNDA:0,_RINvNtCs4amdhsVFeSZ_4givp3vnd17try_integer_movesNCINvNtB4_9impl_core3runNCNvNtBP_5testss_35test_run_with_invalid_config_errors0E0EB4_
FNDA:0,_RINvNtCs4amdhsVFeSZ_4givp3vnd17try_integer_movesNCINvNtB4_9impl_core3runNCNvNtNtB4_10experiment5testss_21test_seed_sweep_basic0E0EB4_
FNDA:0,_RINvNtCs4amdhsVFeSZ_4givp3vnd17try_integer_movesNCINvNtB4_9impl_core3runNCNvNtNtB4_10experiment5testss_29test_seed_sweep_deterministic0E0EB4_
FNDA:0,_RINvNtCs4amdhsVFeSZ_4givp3vnd17try_integer_movesNCNvNtB2_5testss_45test_local_search_vnd_expired_deadline_breaks0EB4_
FNDA:0,_RINvNtCs4amdhsVFeSZ_4givp3vnd17try_integer_movesNCNvNtB2_5testss_46test_neighborhood_flip_expired_deadline_breaks0EB4_
FNDA:0,_RINvNtCs4amdhsVFeSZ_4givp3vnd17try_integer_movesNCNvNtNtB4_9impl_core5testss_47test_do_path_relinking_expired_deadline_returns0EB4_
FNDA:0,_RINvNtCs4amdhsVFeSZ_4givp3vnd19try_continuous_moveNCINvNtB4_9impl_core3runNCNvNtBR_5testss_35test_run_with_invalid_config_errors0E0EB4_
FNDA:28323,_RINvNtCs4amdhsVFeSZ_4givp3vnd19try_continuous_moveNCINvNtB4_9impl_core3runNCNvNtNtB4_10experiment5testss_21test_seed_sweep_basic0E0EB4_
FNDA:10884,_RINvNtCs4amdhsVFeSZ_4givp3vnd19try_continuous_moveNCINvNtB4_9impl_core3runNCNvNtNtB4_10experiment5testss_29test_seed_sweep_deterministic0E0EB4_
FNDA:0,_RINvNtCs4amdhsVFeSZ_4givp3vnd19try_continuous_moveNCNvNtB2_5testss_45test_local_search_vnd_expired_deadline_breaks0EB4_
FNDA:0,_RINvNtCs4amdhsVFeSZ_4givp3vnd19try_continuous_moveNCNvNtB2_5testss_46test_neighborhood_flip_expired_deadline_breaks0EB4_
FNDA:0,_RINvNtCs4amdhsVFeSZ_4givp3vnd19try_continuous_moveNCNvNtNtB4_9impl_core5testss_47test_do_path_relinking_expired_deadline_returns0EB4_
FNDA:0,_RINvNtCs4amdhsVFeSZ_4givp3vnd22neighborhood_multiflipNCINvNtB4_9impl_core3runNCNvNtBU_5testss_35test_run_with_invalid_config_errors0E0EB4_
FNDA:681,_RINvNtCs4amdhsVFeSZ_4givp3vnd22neighborhood_multiflipNCINvNtB4_9impl_core3runNCNvNtNtB4_10experiment5testss_21test_seed_sweep_basic0E0EB4_
FNDA:416,_RINvNtCs4amdhsVFeSZ_4givp3vnd22neighborhood_multiflipNCINvNtB4_9impl_core3runNCNvNtNtB4_10experiment5testss_29test_seed_sweep_deterministic0E0EB4_
FNDA:0,_RINvNtCs4amdhsVFeSZ_4givp3vnd22neighborhood_multiflipNCNvNtB2_5testss_45test_local_search_vnd_expired_deadline_breaks0EB4_
FNDA:1,_RINvNtCs4amdhsVFeSZ_4givp3vnd22neighborhood_multiflipNCNvNtB2_5testss_51test_neighborhood_multiflip_expired_deadline_breaks0EB4_
FNDA:0,_RINvNtCs4amdhsVFeSZ_4givp3vnd22neighborhood_multiflipNCNvNtNtB4_9impl_core5testss_47test_do_path_relinking_expired_deadline_returns0EB4_
FNDA:0,_RNCINvNtCs4amdhsVFeSZ_4givp3vnd17neighborhood_flipNCINvNtB6_9impl_core3runNCNvNtBR_5testss_35test_run_with_invalid_config_errors0E0E0B6_
FNDA:23134,_RNCINvNtCs4amdhsVFeSZ_4givp3vnd17neighborhood_flipNCINvNtB6_9impl_core3runNCNvNtNtB6_10experiment5testss_21test_seed_sweep_basic0E0E0B6_
FNDA:5442,_RNCINvNtCs4amdhsVFeSZ_4givp3vnd17neighborhood_flipNCINvNtB6_9impl_core3runNCNvNtNtB6_10experiment5testss_29test_seed_sweep_deterministic0E0E0B6_
FNDA:0,_RNCINvNtCs4amdhsVFeSZ_4givp3vnd17neighborhood_flipNCNvNtB4_5testss_45test_local_search_vnd_expired_deadline_breaks0E0B6_
FNDA:1,_RNCINvNtCs4amdhsVFeSZ_4givp3vnd17neighborhood_flipNCNvNtB4_5testss_46test_neighborhood_flip_expired_deadline_breaks0E0B6_
FNDA:0,_RNCINvNtCs4amdhsVFeSZ_4givp3vnd17neighborhood_flipNCNvNtNtB6_9impl_core5testss_47test_do_path_relinking_expired_deadline_returns0E0B6_
FNDA:1198,_RINvNtCsccrOw7hymcd_4givp3vnd16local_search_vndNCINvNtB4_9impl_core3runFG_RL0_SdEdE0ECscWfKaIeQ5sk_4givp
FNDA:17723,_RINvNtCsccrOw7hymcd_4givp3vnd17neighborhood_flipNCINvNtB4_9impl_core3runFG_RL0_SdEdE0ECscWfKaIeQ5sk_4givp
FNDA:10703,_RINvNtCsccrOw7hymcd_4givp3vnd17neighborhood_swapNCINvNtB4_9impl_core3runFG_RL0_SdEdE0ECscWfKaIeQ5sk_4givp
FNDA:0,_RINvNtCsccrOw7hymcd_4givp3vnd17try_integer_movesNCINvNtB4_9impl_core3runFG_RL0_SdEdE0ECscWfKaIeQ5sk_4givp
FNDA:139780,_RINvNtCsccrOw7hymcd_4givp3vnd19try_continuous_moveNCINvNtB4_9impl_core3runFG_RL0_SdEdE0ECscWfKaIeQ5sk_4givp
FNDA:1176,_RINvNtCsccrOw7hymcd_4givp3vnd22neighborhood_multiflipNCINvNtB4_9impl_core3runFG_RL0_SdEdE0ECscWfKaIeQ5sk_4givp
FNDA:286831,_RNCINvNtCsccrOw7hymcd_4givp3vnd17neighborhood_flipNCINvNtB6_9impl_core3runFG_RL0_SdEdE0E0CscWfKaIeQ5sk_4givp
FNDA:244,_RINvNtCsccrOw7hymcd_4givp3vnd16local_search_vndNCINvNtB4_9impl_core3runNCNvNtCs4Xm0UMb7tZ8_9test_givp5testss_13test_maximize0E0EB1d_
FNDA:686,_RINvNtCsccrOw7hymcd_4givp3vnd16local_search_vndNCINvNtB4_9impl_core3runNCNvNtCs4Xm0UMb7tZ8_9test_givp5testss_21test_seed_sweep_basic0E0EB1d_
FNDA:77,_RINvNtCsccrOw7hymcd_4givp3vnd16local_search_vndNCINvNtB4_9impl_core3runNCNvNtCs4Xm0UMb7tZ8_9test_givp5testss_24test_panicking_objective0E0EB1d_
FNDA:418,_RINvNtCsccrOw7hymcd_4givp3vnd16local_search_vndNCINvNtB4_9impl_core3runNCNvNtCs4Xm0UMb7tZ8_9test_givp5testss_29test_seed_sweep_deterministic0E0EB1d_
FNDA:769,_RINvNtCsccrOw7hymcd_4givp3vnd16local_search_vndNCINvNtB4_9impl_core3runNCNvNtCs4Xm0UMb7tZ8_9test_givp5testss_31test_seed_sweep_with_rosenbrock0E0EB1d_
FNDA:620,_RINvNtCsccrOw7hymcd_4givp3vnd16local_search_vndNCINvNtB4_9impl_core3runNvNtCs4Xm0UMb7tZ8_9test_givp5tests10rosenbrockE0EB1b_
FNDA:25361,_RINvNtCsccrOw7hymcd_4givp3vnd16local_search_vndNCINvNtB4_9impl_core3runNvNtCs4Xm0UMb7tZ8_9test_givp5tests6sphereE0EB1b_
FNDA:3421,_RINvNtCsccrOw7hymcd_4givp3vnd17neighborhood_flipNCINvNtB4_9impl_core3runNCNvNtCs4Xm0UMb7tZ8_9test_givp5testss_13test_maximize0E0EB1e_
FNDA:9441,_RINvNtCsccrOw7hymcd_4givp3vnd17neighborhood_flipNCINvNtB4_9impl_core3runNCNvNtCs4Xm0UMb7tZ8_9test_givp5testss_21test_seed_sweep_basic0E0EB1e_
FNDA:385,_RINvNtCsccrOw7hymcd_4givp3vnd17neighborhood_flipNCINvNtB4_9impl_core3runNCNvNtCs4Xm0UMb7tZ8_9test_givp5testss_24test_panicking_objective0E0EB1e_
FNDA:5442,_RINvNtCsccrOw7hymcd_4givp3vnd17neighborhood_flipNCINvNtB4_9impl_core3runNCNvNtCs4Xm0UMb7tZ8_9test_givp5testss_29test_seed_sweep_deterministic0E0EB1e_
FNDA:9183,_RINvNtCsccrOw7hymcd_4givp3vnd17neighborhood_flipNCINvNtB4_9impl_core3runNCNvNtCs4Xm0UMb7tZ8_9test_givp5testss_31test_seed_sweep_with_rosenbrock0E0EB1e_
FNDA:8828,_RINvNtCsccrOw7hymcd_4givp3vnd17neighborhood_flipNCINvNtB4_9impl_core3runNvNtCs4Xm0UMb7tZ8_9test_givp5tests10rosenbrockE0EB1c_
FNDA:342059,_RINvNtCsccrOw7hymcd_4givp3vnd17neighborhood_flipNCINvNtB4_9impl_core3runNvNtCs4Xm0UMb7tZ8_9test_givp5tests6sphereE0EB1c_
FNDA:2315,_RINvNtCsccrOw7hymcd_4givp3vnd17neighborhood_swapNCINvNtB4_9impl_core3runNCNvNtCs4Xm0UMb7tZ8_9test_givp5testss_13test_maximize0E0EB1e_
FNDA:6355,_RINvNtCsccrOw7hymcd_4givp3vnd17neighborhood_swapNCINvNtB4_9impl_core3runNCNvNtCs4Xm0UMb7tZ8_9test_givp5testss_21test_seed_sweep_basic0E0EB1e_
FNDA:385,_RINvNtCsccrOw7hymcd_4givp3vnd17neighborhood_swapNCINvNtB4_9impl_core3runNCNvNtCs4Xm0UMb7tZ8_9test_givp5testss_24test_panicking_objective0E0EB1e_
FNDA:3776,_RINvNtCsccrOw7hymcd_4givp3vnd17neighborhood_swapNCINvNtB4_9impl_core3runNCNvNtCs4Xm0UMb7tZ8_9test_givp5testss_29test_seed_sweep_deterministic0E0EB1e_
FNDA:5989,_RINvNtCsccrOw7hymcd_4givp3vnd17neighborhood_swapNCINvNtB4_9impl_core3runNCNvNtCs4Xm0UMb7tZ8_9test_givp5testss_31test_seed_sweep_with_rosenbrock0E0EB1e_
FNDA:5506,_RINvNtCsccrOw7hymcd_4givp3vnd17neighborhood_swapNCINvNtB4_9impl_core3runNvNtCs4Xm0UMb7tZ8_9test_givp5tests10rosenbrockE0EB1c_
FNDA:228745,_RINvNtCsccrOw7hymcd_4givp3vnd17neighborhood_swapNCINvNtB4_9impl_core3runNvNtCs4Xm0UMb7tZ8_9test_givp5tests6sphereE0EB1c_
FNDA:0,_RINvNtCsccrOw7hymcd_4givp3vnd17try_integer_movesNCINvNtB4_9impl_core3runNCNvNtCs4Xm0UMb7tZ8_9test_givp5testss_13test_maximize0E0EB1e_
FNDA:0,_RINvNtCsccrOw7hymcd_4givp3vnd17try_integer_movesNCINvNtB4_9impl_core3runNCNvNtCs4Xm0UMb7tZ8_9test_givp5testss_21test_seed_sweep_basic0E0EB1e_
FNDA:0,_RINvNtCsccrOw7hymcd_4givp3vnd17try_integer_movesNCINvNtB4_9impl_core3runNCNvNtCs4Xm0UMb7tZ8_9test_givp5testss_24test_panicking_objective0E0EB1e_
FNDA:0,_RINvNtCsccrOw7hymcd_4givp3vnd17try_integer_movesNCINvNtB4_9impl_core3runNCNvNtCs4Xm0UMb7tZ8_9test_givp5testss_29test_seed_sweep_deterministic0E0EB1e_
FNDA:0,_RINvNtCsccrOw7hymcd_4givp3vnd17try_integer_movesNCINvNtB4_9impl_core3runNCNvNtCs4Xm0UMb7tZ8_9test_givp5testss_31test_seed_sweep_with_rosenbrock0E0EB1e_
FNDA:0,_RINvNtCsccrOw7hymcd_4givp3vnd17try_integer_movesNCINvNtB4_9impl_core3runNvNtCs4Xm0UMb7tZ8_9test_givp5tests10rosenbrockE0EB1c_
FNDA:12987,_RINvNtCsccrOw7hymcd_4givp3vnd17try_integer_movesNCINvNtB4_9impl_core3runNvNtCs4Xm0UMb7tZ8_9test_givp5tests6sphereE0EB1c_
FNDA:10263,_RINvNtCsccrOw7hymcd_4givp3vnd19try_continuous_moveNCINvNtB4_9impl_core3runNCNvNtCs4Xm0UMb7tZ8_9test_givp5testss_13test_maximize0E0EB1g_
FNDA:28323,_RINvNtCsccrOw7hymcd_4givp3vnd19try_continuous_moveNCINvNtB4_9impl_core3runNCNvNtCs4Xm0UMb7tZ8_9test_givp5testss_21test_seed_sweep_basic0E0EB1g_
FNDA:770,_RINvNtCsccrOw7hymcd_4givp3vnd19try_continuous_moveNCINvNtB4_9impl_core3runNCNvNtCs4Xm0UMb7tZ8_9test_givp5testss_24test_panicking_objective0E0EB1g_
FNDA:10884,_RINvNtCsccrOw7hymcd_4givp3vnd19try_continuous_moveNCINvNtB4_9impl_core3runNCNvNtCs4Xm0UMb7tZ8_9test_givp5testss_29test_seed_sweep_deterministic0E0EB1g_
FNDA:18366,_RINvNtCsccrOw7hymcd_4givp3vnd19try_continuous_moveNCINvNtB4_9impl_core3runNCNvNtCs4Xm0UMb7tZ8_9test_givp5testss_31test_seed_sweep_with_rosenbrock0E0EB1g_
FNDA:26484,_RINvNtCsccrOw7hymcd_4givp3vnd19try_continuous_moveNCINvNtB4_9impl_core3runNvNtCs4Xm0UMb7tZ8_9test_givp5tests10rosenbrockE0EB1e_
FNDA:1092563,_RINvNtCsccrOw7hymcd_4givp3vnd19try_continuous_moveNCINvNtB4_9impl_core3runNvNtCs4Xm0UMb7tZ8_9test_givp5tests6sphereE0EB1e_
FNDA:241,_RINvNtCsccrOw7hymcd_4givp3vnd22neighborhood_multiflipNCINvNtB4_9impl_core3runNCNvNtCs4Xm0UMb7tZ8_9test_givp5testss_13test_maximize0E0EB1j_
FNDA:681,_RINvNtCsccrOw7hymcd_4givp3vnd22neighborhood_multiflipNCINvNtB4_9impl_core3runNCNvNtCs4Xm0UMb7tZ8_9test_givp5testss_21test_seed_sweep_basic0E0EB1j_
FNDA:77,_RINvNtCsccrOw7hymcd_4givp3vnd22neighborhood_multiflipNCINvNtB4_9impl_core3runNCNvNtCs4Xm0UMb7tZ8_9test_givp5testss_24test_panicking_objective0E0EB1j_
FNDA:416,_RINvNtCsccrOw7hymcd_4givp3vnd22neighborhood_multiflipNCINvNtB4_9impl_core3runNCNvNtCs4Xm0UMb7tZ8_9test_givp5testss_29test_seed_sweep_deterministic0E0EB1j_
FNDA:762,_RINvNtCsccrOw7hymcd_4givp3vnd22neighborhood_multiflipNCINvNtB4_9impl_core3runNCNvNtCs4Xm0UMb7tZ8_9test_givp5testss_31test_seed_sweep_with_rosenbrock0E0EB1j_
FNDA:619,_RINvNtCsccrOw7hymcd_4givp3vnd22neighborhood_multiflipNCINvNtB4_9impl_core3runNvNtCs4Xm0UMb7tZ8_9test_givp5tests10rosenbrockE0EB1h_
FNDA:25244,_RINvNtCsccrOw7hymcd_4givp3vnd22neighborhood_multiflipNCINvNtB4_9impl_core3runNvNtCs4Xm0UMb7tZ8_9test_givp5tests6sphereE0EB1h_
FNDA:8442,_RNCINvNtCsccrOw7hymcd_4givp3vnd17neighborhood_flipNCINvNtB6_9impl_core3runNCNvNtCs4Xm0UMb7tZ8_9test_givp5testss_13test_maximize0E0E0B1g_
FNDA:23134,_RNCINvNtCsccrOw7hymcd_4givp3vnd17neighborhood_flipNCINvNtB6_9impl_core3runNCNvNtCs4Xm0UMb7tZ8_9test_givp5testss_21test_seed_sweep_basic0E0E0B1g_
FNDA:385,_RNCINvNtCsccrOw7hymcd_4givp3vnd17neighborhood_flipNCINvNtB6_9impl_core3runNCNvNtCs4Xm0UMb7tZ8_9test_givp5testss_24test_panicking_objective0E0E0B1g_
FNDA:5442,_RNCINvNtCsccrOw7hymcd_4givp3vnd17neighborhood_flipNCINvNtB6_9impl_core3runNCNvNtCs4Xm0UMb7tZ8_9test_givp5testss_29test_seed_sweep_deterministic0E0E0B1g_
FNDA:9183,_RNCINvNtCsccrOw7hymcd_4givp3vnd17neighborhood_flipNCINvNtB6_9impl_core3runNCNvNtCs4Xm0UMb7tZ8_9test_givp5testss_31test_seed_sweep_with_rosenbrock0E0E0B1g_
FNDA:22308,_RNCINvNtCsccrOw7hymcd_4givp3vnd17neighborhood_flipNCINvNtB6_9impl_core3runNvNtCs4Xm0UMb7tZ8_9test_givp5tests10rosenbrockE0E0B1e_
FNDA:1885590,_RNCINvNtCsccrOw7hymcd_4givp3vnd17neighborhood_flipNCINvNtB6_9impl_core3runNvNtCs4Xm0UMb7tZ8_9test_givp5tests6sphereE0E0B1e_
FNF:20
FNH:20
DA:13,12987
DA:14,12987
DA:15,12987
DA:16,12987
DA:17,12987
DA:18,12987
DA:19,12987
DA:20,12987
DA:21,12987
DA:22,12987
DA:23,12987
DA:24,12987
DA:26,12987
DA:27,12987
DA:28,12987
DA:30,38961
DA:31,38961
DA:32,38961
DA:33,24826
DA:34,14135
DA:35,14135
DA:36,14135
DA:37,14135
DA:38,14135
DA:39,574
DA:40,574
DA:41,13561
DA:42,13561
DA:43,13561
DA:45,12987
DA:46,12987
DA:50,1514613
DA:51,1514613
DA:52,1514613
DA:53,1514613
DA:54,1514613
DA:55,1514613
DA:56,1514613
DA:57,1514613
DA:58,1514613
DA:59,1514613
DA:60,1514613
DA:61,1514613
DA:62,1514613
DA:64,1514613
DA:65,1514613
DA:66,1514613
DA:67,1514613
DA:68,1514613
DA:69,1514613
DA:70,1514613
DA:71,172426
DA:73,1342187
DA:74,1342187
DA:76,1514613
DA:79,5872568
DA:80,5872568
DA:81,5872568
DA:82,5872568
DA:83,5872568
DA:84,5872568
DA:85,5872568
DA:86,5872568
DA:87,5872568
DA:88,5872568
DA:89,103455
DA:90,103455
DA:91,103455
DA:92,5769113
DA:93,5769113
DA:94,5769113
DA:95,5769113
DA:96,5769113
DA:97,5872568
DA:101,431820
DA:102,431820
DA:103,431820
DA:104,431820
DA:105,431820
DA:106,431820
DA:107,431820
DA:108,431820
DA:109,431820
DA:110,431820
DA:111,431820
DA:112,431820
DA:113,431820
DA:114,431820
DA:116,431820
DA:117,431820
DA:118,2564385
DA:120,431820
DA:121,431820
DA:123,1527601
DA:124,1527601
DA:125,1
DA:126,1527600
DA:127,1527600
DA:128,12987
DA:130,1514613
DA:131,1514613
DA:132,1514613
DA:133,1514613
DA:134,1514613
DA:135,1514613
DA:136,1514613
DA:137,1514613
DA:138,1514613
DA:139,1514613
DA:142,1527600
DA:143,173000
DA:144,173000
DA:145,173000
DA:146,173000
DA:147,1354600
DA:149,431820
DA:150,431820
DA:154,286072
DA:155,286072
DA:156,286072
DA:157,286072
DA:158,286072
DA:159,286072
DA:160,286072
DA:161,286072
DA:162,286072
DA:163,286072
DA:164,286072
DA:165,286072
DA:166,286072
DA:168,286072
DA:169,286072
DA:170,286072
DA:171,286072
DA:173,286072
DA:174,1410793
DA:175,2
DA:176,1410791
DA:177,1410791
DA:178,1410791
DA:179,1410791
DA:180,255032
DA:181,1155759
DA:182,1155759
DA:183,1155759
DA:184,1155759
DA:185,1155759
DA:186,1155759
DA:187,1155759
DA:188,1155759
DA:189,11422
DA:190,11422
DA:191,1144337
DA:192,1144337
DA:193,1144337
DA:194,1144337
DA:196,286072
DA:197,286072
DA:201,31443
DA:202,31443
DA:203,31443
DA:204,31443
DA:205,31443
DA:206,31443
DA:207,31443
DA:208,31443
DA:209,31443
DA:210,31443
DA:211,31443
DA:212,31443
DA:213,31443
DA:215,31443
DA:216,31443
DA:217,31443
DA:218,31443
DA:220,31443
DA:221,1572052
DA:222,2
DA:223,1572050
DA:224,1572050
DA:225,1572050
DA:227,3561050
DA:228,3561050
DA:229,3561050
DA:230,3561050
DA:231,3561050
DA:232,3561050
DA:233,3561050
DA:234,1572050
DA:235,1572050
DA:236,1572050
DA:237,8006
DA:238,8006
DA:239,1564044
DA:240,1564044
DA:241,1564044
DA:243,31443
DA:244,31443
DA:248,31623
DA:249,31623
DA:250,31623
DA:251,31623
DA:252,31623
DA:253,31623
DA:254,31623
DA:255,31623
DA:256,31623
DA:257,31623
DA:258,31623
DA:259,31623
DA:260,31623
DA:261,31623
DA:263,31623
DA:264,31623
DA:265,31623
DA:266,31623
DA:267,31623
DA:269,31623
DA:270,431820
DA:271,1
DA:272,431819
DA:275,1527600
DA:276,1527600
DA:277,1527600
DA:280,431819
DA:281,431819
DA:282,431819
DA:283,431819
DA:284,431819
DA:285,431819
DA:286,431819
DA:287,431819
DA:288,431819
DA:289,431819
DA:290,431819
DA:291,431819
DA:292,431819
DA:294,431819
DA:295,286071
DA:298,286071
DA:299,286071
DA:300,286071
DA:301,286071
DA:303,286071
DA:304,31442
DA:305,31442
DA:306,31442
DA:307,31442
DA:308,31442
DA:309,254629
DA:311,286071
DA:312,31622
DA:313,254449
DA:314,145748
DA:315,145748
DA:316,145748
DA:318,31623
DA:319,31623
DA:329,1
DA:331,1
DA:332,1
DA:333,2
DA:334,1
DA:335,1
DA:336,1
DA:337,1
DA:338,1
DA:339,1
DA:342,1
DA:343,1
DA:344,1
DA:347,1
DA:348,1
DA:349,1
DA:350,1
DA:351,2
DA:352,1
DA:353,1
DA:354,1
DA:355,1
DA:356,1
DA:357,1
DA:358,1
DA:359,1
DA:360,1
DA:361,1
DA:362,1
DA:363,1
DA:364,1
DA:365,1
DA:366,1
DA:367,1
DA:368,1
DA:369,1
DA:370,1
DA:373,1
DA:374,1
DA:375,1
DA:376,2
DA:377,1
DA:378,1
DA:379,1
DA:380,1
DA:381,1
DA:382,1
DA:383,1
DA:384,1
DA:385,1
DA:386,1
DA:389,1
DA:390,1
DA:391,1
DA:392,3
DA:393,1
DA:394,1
DA:395,1
DA:396,1
DA:397,1
DA:398,1
DA:399,1
DA:400,1
DA:401,1
DA:402,1
BRF:0
BRH:0
LF:332
LH:330
end_of_record